{"C:\\Users\\olivi\\OneDrive\\Documents\\Ephec\\3TI\\TFE\\Mon TFE\\TFE\\frontend\\src\\App.vue": {"path":"C:\\Users\\olivi\\OneDrive\\Documents\\Ephec\\3TI\\TFE\\Mon TFE\\TFE\\frontend\\src\\App.vue","statementMap":{"0":{"start":{"line":4,"column":0},"end":{"line":6,"column":3}},"1":{"start":{"line":7,"column":0},"end":{"line":7,"column":25}},"2":{"start":{"line":8,"column":15},"end":{"line":10,"column":1}},"3":{"start":{"line":11,"column":0},"end":{"line":11,"column":13}},"4":{"start":{"line":13,"column":0},"end":{"line":15,"column":3}},"5":{"start":{"line":16,"column":0},"end":{"line":16,"column":24}},"6":{"start":{"line":17,"column":11},"end":{"line":17,"column":25}},"7":{"start":{"line":18,"column":19},"end":{"line":20,"column":1}},"8":{"start":{"line":22,"column":33},"end":{"line":22,"column":74}},"9":{"start":{"line":23,"column":2},"end":{"line":23,"column":129}},"10":{"start":{"line":24,"column":2},"end":{"line":24,"column":49}}},"fnMap":{"0":{"name":"render","decl":{"start":{"line":21,"column":9},"end":{"line":21,"column":15}},"loc":{"start":{"line":21,"column":30},"end":{"line":24,"column":1}},"line":21}},"branchMap":{},"s":{"0":0,"1":0,"2":0,"3":0,"4":0,"5":0,"6":0,"7":0,"8":0,"9":0,"10":0},"f":{"0":0},"b":{},"inputSourceMap":{"0":"{","1":"\"","2":"v","3":"e","4":"r","5":"s","6":"i","7":"o","8":"n","9":"\"","10":":","11":"3","12":",","13":"\"","14":"s","15":"o","16":"u","17":"r","18":"c","19":"e","20":"s","21":"\"","22":":","23":"[","24":"\"","25":"C","26":":","27":"\\","28":"\\","29":"U","30":"s","31":"e","32":"r","33":"s","34":"\\","35":"\\","36":"o","37":"l","38":"i","39":"v","40":"i","41":"\\","42":"\\","43":"O","44":"n","45":"e","46":"D","47":"r","48":"i","49":"v","50":"e","51":"\\","52":"\\","53":"D","54":"o","55":"c","56":"u","57":"m","58":"e","59":"n","60":"t","61":"s","62":"\\","63":"\\","64":"E","65":"p","66":"h","67":"e","68":"c","69":"\\","70":"\\","71":"3","72":"T","73":"I","74":"\\","75":"\\","76":"T","77":"F","78":"E","79":"\\","80":"\\","81":"M","82":"o","83":"n","84":" ","85":"T","86":"F","87":"E","88":"\\","89":"\\","90":"T","91":"F","92":"E","93":"\\","94":"\\","95":"f","96":"r","97":"o","98":"n","99":"t","100":"e","101":"n","102":"d","103":"\\","104":"\\","105":"s","106":"r","107":"c","108":"\\","109":"\\","110":"A","111":"p","112":"p","113":".","114":"v","115":"u","116":"e","117":"\"","118":"]","119":",","120":"\"","121":"n","122":"a","123":"m","124":"e","125":"s","126":"\"","127":":","128":"[","129":"]","130":",","131":"\"","132":"m","133":"a","134":"p","135":"p","136":"i","137":"n","138":"g","139":"s","140":"\"","141":":","142":"\"","143":";","144":";","145":";","146":";","147":";","148":";","149":";","150":"i","151":"C","152":"A","153":"O","154":"e","155":";","156":"E","157":"A","158":"C","159":"b","160":",","161":"I","162":"A","163":"A","164":"I","165":",","166":"E","167":"A","168":"A","169":"E","170":";","171":"A","172":"A","173":"C","174":"R","175":",","176":"C","177":"A","178":"A","179":"C","180":"\"","181":",","182":"\"","183":"f","184":"i","185":"l","186":"e","187":"\"","188":":","189":"\"","190":"C","191":":","192":"\\","193":"\\","194":"U","195":"s","196":"e","197":"r","198":"s","199":"\\","200":"\\","201":"o","202":"l","203":"i","204":"v","205":"i","206":"\\","207":"\\","208":"O","209":"n","210":"e","211":"D","212":"r","213":"i","214":"v","215":"e","216":"\\","217":"\\","218":"D","219":"o","220":"c","221":"u","222":"m","223":"e","224":"n","225":"t","226":"s","227":"\\","228":"\\","229":"E","230":"p","231":"h","232":"e","233":"c","234":"\\","235":"\\","236":"3","237":"T","238":"I","239":"\\","240":"\\","241":"T","242":"F","243":"E","244":"\\","245":"\\","246":"M","247":"o","248":"n","249":" ","250":"T","251":"F","252":"E","253":"\\","254":"\\","255":"T","256":"F","257":"E","258":"\\","259":"\\","260":"f","261":"r","262":"o","263":"n","264":"t","265":"e","266":"n","267":"d","268":"\\","269":"\\","270":"s","271":"r","272":"c","273":"\\","274":"\\","275":"A","276":"p","277":"p","278":".","279":"v","280":"u","281":"e","282":"\"","283":",","284":"\"","285":"s","286":"o","287":"u","288":"r","289":"c","290":"e","291":"s","292":"C","293":"o","294":"n","295":"t","296":"e","297":"n","298":"t","299":"\"","300":":","301":"[","302":"\"","303":"<","304":"t","305":"e","306":"m","307":"p","308":"l","309":"a","310":"t","311":"e","312":">","313":"\\","314":"r","315":"\\","316":"n","317":" ","318":" ","319":"<","320":"d","321":"i","322":"v","323":" ","324":"i","325":"d","326":"=","327":"'","328":"a","329":"p","330":"p","331":"'","332":">","333":"\\","334":"r","335":"\\","336":"n","337":" ","338":" ","339":" ","340":" ","341":"<","342":"r","343":"o","344":"u","345":"t","346":"e","347":"r","348":"-","349":"v","350":"i","351":"e","352":"w","353":" ","354":"/","355":">","356":"\\","357":"r","358":"\\","359":"n","360":" ","361":" ","362":"<","363":"/","364":"d","365":"i","366":"v","367":">","368":"\\","369":"r","370":"\\","371":"n","372":"<","373":"/","374":"t","375":"e","376":"m","377":"p","378":"l","379":"a","380":"t","381":"e","382":">","383":"\\","384":"r","385":"\\","386":"n","387":"\\","388":"r","389":"\\","390":"n","391":"<","392":"s","393":"c","394":"r","395":"i","396":"p","397":"t","398":">","399":"\\","400":"r","401":"\\","402":"n","403":"e","404":"x","405":"p","406":"o","407":"r","408":"t","409":" ","410":"d","411":"e","412":"f","413":"a","414":"u","415":"l","416":"t","417":" ","418":"{","419":"\\","420":"r","421":"\\","422":"n","423":" ","424":" ","425":"n","426":"a","427":"m","428":"e","429":":","430":" ","431":"'","432":"A","433":"p","434":"p","435":"'","436":",","437":"\\","438":"r","439":"\\","440":"n","441":"}","442":";","443":"\\","444":"r","445":"\\","446":"n","447":"<","448":"/","449":"s","450":"c","451":"r","452":"i","453":"p","454":"t","455":">","456":"\\","457":"r","458":"\\","459":"n","460":"\"","461":"]","462":"}"}}
,"C:\\Users\\olivi\\OneDrive\\Documents\\Ephec\\3TI\\TFE\\Mon TFE\\TFE\\frontend\\src\\registerServiceWorker.js": {"path":"C:\\Users\\olivi\\OneDrive\\Documents\\Ephec\\3TI\\TFE\\Mon TFE\\TFE\\frontend\\src\\registerServiceWorker.js","statementMap":{"0":{"start":{"line":5,"column":0},"end":{"line":35,"column":1}},"1":{"start":{"line":6,"column":2},"end":{"line":34,"column":5}},"2":{"start":{"line":8,"column":6},"end":{"line":11,"column":8}},"3":{"start":{"line":14,"column":6},"end":{"line":14,"column":57}},"4":{"start":{"line":17,"column":6},"end":{"line":17,"column":62}},"5":{"start":{"line":20,"column":6},"end":{"line":20,"column":49}},"6":{"start":{"line":23,"column":6},"end":{"line":23,"column":63}},"7":{"start":{"line":24,"column":6},"end":{"line":26,"column":7}},"8":{"start":{"line":25,"column":8},"end":{"line":25,"column":33}},"9":{"start":{"line":29,"column":6},"end":{"line":29,"column":83}},"10":{"start":{"line":32,"column":6},"end":{"line":32,"column":72}}},"fnMap":{"0":{"name":"(anonymous_0)","decl":{"start":{"line":7,"column":4},"end":{"line":7,"column":5}},"loc":{"start":{"line":7,"column":12},"end":{"line":12,"column":5}},"line":7},"1":{"name":"(anonymous_1)","decl":{"start":{"line":13,"column":4},"end":{"line":13,"column":5}},"loc":{"start":{"line":13,"column":17},"end":{"line":15,"column":5}},"line":13},"2":{"name":"(anonymous_2)","decl":{"start":{"line":16,"column":4},"end":{"line":16,"column":5}},"loc":{"start":{"line":16,"column":13},"end":{"line":18,"column":5}},"line":16},"3":{"name":"(anonymous_3)","decl":{"start":{"line":19,"column":4},"end":{"line":19,"column":5}},"loc":{"start":{"line":19,"column":18},"end":{"line":21,"column":5}},"line":19},"4":{"name":"(anonymous_4)","decl":{"start":{"line":22,"column":4},"end":{"line":22,"column":5}},"loc":{"start":{"line":22,"column":14},"end":{"line":27,"column":5}},"line":22},"5":{"name":"(anonymous_5)","decl":{"start":{"line":28,"column":4},"end":{"line":28,"column":5}},"loc":{"start":{"line":28,"column":14},"end":{"line":30,"column":5}},"line":28},"6":{"name":"(anonymous_6)","decl":{"start":{"line":31,"column":4},"end":{"line":31,"column":5}},"loc":{"start":{"line":31,"column":17},"end":{"line":33,"column":5}},"line":31}},"branchMap":{"0":{"loc":{"start":{"line":5,"column":0},"end":{"line":35,"column":1}},"type":"if","locations":[{"start":{"line":5,"column":0},"end":{"line":35,"column":1}},{"start":{},"end":{}}],"line":5},"1":{"loc":{"start":{"line":24,"column":6},"end":{"line":26,"column":7}},"type":"if","locations":[{"start":{"line":24,"column":6},"end":{"line":26,"column":7}},{"start":{},"end":{}}],"line":24}},"s":{"0":0,"1":0,"2":0,"3":0,"4":0,"5":0,"6":0,"7":0,"8":0,"9":0,"10":0},"f":{"0":0,"1":0,"2":0,"3":0,"4":0,"5":0,"6":0},"b":{"0":[0,0],"1":[0,0]}}
,"C:\\Users\\olivi\\OneDrive\\Documents\\Ephec\\3TI\\TFE\\Mon TFE\\TFE\\frontend\\src\\views\\HomePage.vue": {"path":"C:\\Users\\olivi\\OneDrive\\Documents\\Ephec\\3TI\\TFE\\Mon TFE\\TFE\\frontend\\src\\views\\HomePage.vue","statementMap":{"0":{"start":{"line":4,"column":0},"end":{"line":6,"column":3}},"1":{"start":{"line":7,"column":0},"end":{"line":7,"column":25}},"2":{"start":{"line":8,"column":15},"end":{"line":10,"column":1}},"3":{"start":{"line":11,"column":0},"end":{"line":11,"column":13}},"4":{"start":{"line":13,"column":0},"end":{"line":15,"column":3}},"5":{"start":{"line":16,"column":0},"end":{"line":16,"column":24}},"6":{"start":{"line":17,"column":11},"end":{"line":17,"column":25}},"7":{"start":{"line":18,"column":19},"end":{"line":20,"column":1}},"8":{"start":{"line":22,"column":2},"end":{"line":22,"column":337}},"9":{"start":{"line":23,"column":2},"end":{"line":23,"column":49}}},"fnMap":{"0":{"name":"render","decl":{"start":{"line":21,"column":9},"end":{"line":21,"column":15}},"loc":{"start":{"line":21,"column":30},"end":{"line":23,"column":1}},"line":21}},"branchMap":{"0":{"loc":{"start":{"line":22,"column":80},"end":{"line":22,"column":335}},"type":"binary-expr","locations":[{"start":{"line":22,"column":80},"end":{"line":22,"column":89}},{"start":{"line":22,"column":94},"end":{"line":22,"column":334}}],"line":22}},"s":{"0":0,"1":0,"2":0,"3":0,"4":0,"5":0,"6":0,"7":0,"8":0,"9":0},"f":{"0":0},"b":{"0":[0,0]},"inputSourceMap":{"0":"{","1":"\"","2":"v","3":"e","4":"r","5":"s","6":"i","7":"o","8":"n","9":"\"","10":":","11":"3","12":",","13":"\"","14":"s","15":"o","16":"u","17":"r","18":"c","19":"e","20":"s","21":"\"","22":":","23":"[","24":"\"","25":"C","26":":","27":"\\","28":"\\","29":"U","30":"s","31":"e","32":"r","33":"s","34":"\\","35":"\\","36":"o","37":"l","38":"i","39":"v","40":"i","41":"\\","42":"\\","43":"O","44":"n","45":"e","46":"D","47":"r","48":"i","49":"v","50":"e","51":"\\","52":"\\","53":"D","54":"o","55":"c","56":"u","57":"m","58":"e","59":"n","60":"t","61":"s","62":"\\","63":"\\","64":"E","65":"p","66":"h","67":"e","68":"c","69":"\\","70":"\\","71":"3","72":"T","73":"I","74":"\\","75":"\\","76":"T","77":"F","78":"E","79":"\\","80":"\\","81":"M","82":"o","83":"n","84":" ","85":"T","86":"F","87":"E","88":"\\","89":"\\","90":"T","91":"F","92":"E","93":"\\","94":"\\","95":"f","96":"r","97":"o","98":"n","99":"t","100":"e","101":"n","102":"d","103":"\\","104":"\\","105":"s","106":"r","107":"c","108":"\\","109":"\\","110":"v","111":"i","112":"e","113":"w","114":"s","115":"\\","116":"\\","117":"H","118":"o","119":"m","120":"e","121":"P","122":"a","123":"g","124":"e","125":".","126":"v","127":"u","128":"e","129":"\"","130":"]","131":",","132":"\"","133":"n","134":"a","135":"m","136":"e","137":"s","138":"\"","139":":","140":"[","141":"]","142":",","143":"\"","144":"m","145":"a","146":"p","147":"p","148":"i","149":"n","150":"g","151":"s","152":"\"","153":":","154":"\"","155":";","156":";","157":";","158":";","159":";","160":";","161":";","162":"i","163":"C","164":"A","165":"Q","166":"e","167":";","168":"E","169":"A","170":"C","171":"b","172":",","173":"I","174":"A","175":"A","176":"I","177":",","178":"E","179":"A","180":"A","181":"E","182":";","183":"A","184":"A","185":"C","186":"R","187":",","188":"C","189":"A","190":"A","191":"C","192":"\"","193":",","194":"\"","195":"f","196":"i","197":"l","198":"e","199":"\"","200":":","201":"\"","202":"C","203":":","204":"\\","205":"\\","206":"U","207":"s","208":"e","209":"r","210":"s","211":"\\","212":"\\","213":"o","214":"l","215":"i","216":"v","217":"i","218":"\\","219":"\\","220":"O","221":"n","222":"e","223":"D","224":"r","225":"i","226":"v","227":"e","228":"\\","229":"\\","230":"D","231":"o","232":"c","233":"u","234":"m","235":"e","236":"n","237":"t","238":"s","239":"\\","240":"\\","241":"E","242":"p","243":"h","244":"e","245":"c","246":"\\","247":"\\","248":"3","249":"T","250":"I","251":"\\","252":"\\","253":"T","254":"F","255":"E","256":"\\","257":"\\","258":"M","259":"o","260":"n","261":" ","262":"T","263":"F","264":"E","265":"\\","266":"\\","267":"T","268":"F","269":"E","270":"\\","271":"\\","272":"f","273":"r","274":"o","275":"n","276":"t","277":"e","278":"n","279":"d","280":"\\","281":"\\","282":"s","283":"r","284":"c","285":"\\","286":"\\","287":"v","288":"i","289":"e","290":"w","291":"s","292":"\\","293":"\\","294":"H","295":"o","296":"m","297":"e","298":"P","299":"a","300":"g","301":"e","302":".","303":"v","304":"u","305":"e","306":"\"","307":",","308":"\"","309":"s","310":"o","311":"u","312":"r","313":"c","314":"e","315":"s","316":"C","317":"o","318":"n","319":"t","320":"e","321":"n","322":"t","323":"\"","324":":","325":"[","326":"\"","327":"<","328":"t","329":"e","330":"m","331":"p","332":"l","333":"a","334":"t","335":"e","336":">","337":"\\","338":"r","339":"\\","340":"n","341":" ","342":" ","343":"<","344":"d","345":"i","346":"v","347":" ","348":"c","349":"l","350":"a","351":"s","352":"s","353":"=","354":"'","355":"h","356":"o","357":"m","358":"e","359":"'","360":">","361":"\\","362":"r","363":"\\","364":"n","365":" ","366":" ","367":" ","368":" ","369":"<","370":"h","371":"1","372":">","373":"B","374":"i","375":"e","376":"n","377":"v","378":"e","379":"n","380":"u","381":"e","382":" ","383":"s","384":"u","385":"r","386":" ","387":"l","388":"a","389":" ","390":"w","391":"e","392":"b","393":"-","394":"a","395":"p","396":"p","397":" ","398":"!","399":"<","400":"/","401":"h","402":"1","403":">","404":"\\","405":"r","406":"\\","407":"n","408":" ","409":" ","410":" ","411":" ","412":"<","413":"p","414":">","415":"T","416":"r","417":"o","418":"u","419":"v","420":"e","421":"z","422":" ","423":"d","424":"e","425":"s","426":" ","427":"r","428":"e","429":"c","430":"e","431":"t","432":"t","433":"e","434":"s","435":" ","436":"a","437":"d","438":"a","439":"p","440":"t","441":"é","442":"e","443":"s","444":" ","445":"à","446":" ","447":"v","448":"o","449":"s","450":" ","451":"i","452":"n","453":"t","454":"o","455":"l","456":"é","457":"r","458":"a","459":"n","460":"c","461":"e","462":"s","463":" ","464":"e","465":"t","466":" ","467":"a","468":"l","469":"l","470":"e","471":"r","472":"g","473":"i","474":"e","475":"s","476":" ","477":"a","478":"l","479":"i","480":"m","481":"e","482":"n","483":"t","484":"a","485":"i","486":"r","487":"e","488":"s","489":".","490":"<","491":"/","492":"p","493":">","494":"\\","495":"r","496":"\\","497":"n","498":" ","499":" ","500":"<","501":"/","502":"d","503":"i","504":"v","505":">","506":"\\","507":"r","508":"\\","509":"n","510":"<","511":"/","512":"t","513":"e","514":"m","515":"p","516":"l","517":"a","518":"t","519":"e","520":">","521":"\\","522":"r","523":"\\","524":"n","525":" ","526":" ","527":"\\","528":"r","529":"\\","530":"n","531":"<","532":"s","533":"c","534":"r","535":"i","536":"p","537":"t","538":">","539":"\\","540":"r","541":"\\","542":"n","543":"e","544":"x","545":"p","546":"o","547":"r","548":"t","549":" ","550":"d","551":"e","552":"f","553":"a","554":"u","555":"l","556":"t","557":" ","558":"{","559":"\\","560":"r","561":"\\","562":"n","563":" ","564":" ","565":"n","566":"a","567":"m","568":"e","569":":","570":" ","571":"'","572":"H","573":"o","574":"m","575":"e","576":"P","577":"a","578":"g","579":"e","580":"'","581":",","582":"\\","583":"r","584":"\\","585":"n","586":"}","587":";","588":"\\","589":"r","590":"\\","591":"n","592":"<","593":"/","594":"s","595":"c","596":"r","597":"i","598":"p","599":"t","600":">","601":"\\","602":"r","603":"\\","604":"n","605":" ","606":" ","607":"\"","608":"]","609":"}"}}
,"C:\\Users\\olivi\\OneDrive\\Documents\\Ephec\\3TI\\TFE\\Mon TFE\\TFE\\frontend\\src\\views\\SignupPage.vue": {"path":"C:\\Users\\olivi\\OneDrive\\Documents\\Ephec\\3TI\\TFE\\Mon TFE\\TFE\\frontend\\src\\views\\SignupPage.vue","statementMap":{"0":{"start":{"line":4,"column":29},"end":{"line":4,"column":177}},"1":{"start":{"line":5,"column":0},"end":{"line":7,"column":3}},"2":{"start":{"line":8,"column":0},"end":{"line":8,"column":25}},"3":{"start":{"line":9,"column":0},"end":{"line":9,"column":44}},"4":{"start":{"line":180,"column":0},"end":{"line":180,"column":13}},"5":{"start":{"line":182,"column":0},"end":{"line":184,"column":3}},"6":{"start":{"line":185,"column":0},"end":{"line":185,"column":24}},"7":{"start":{"line":186,"column":11},"end":{"line":186,"column":25}},"8":{"start":{"line":187,"column":19},"end":{"line":189,"column":1}},"9":{"start":{"line":190,"column":19},"end":{"line":192,"column":1}},"10":{"start":{"line":193,"column":19},"end":{"line":195,"column":1}},"11":{"start":{"line":196,"column":19},"end":{"line":198,"column":1}},"12":{"start":{"line":199,"column":19},"end":{"line":201,"column":1}},"13":{"start":{"line":202,"column":19},"end":{"line":204,"column":1}},"14":{"start":{"line":205,"column":19},"end":{"line":207,"column":1}},"15":{"start":{"line":208,"column":19},"end":{"line":210,"column":1}},"16":{"start":{"line":211,"column":19},"end":{"line":213,"column":1}},"17":{"start":{"line":214,"column":20},"end":{"line":217,"column":1}},"18":{"start":{"line":218,"column":20},"end":{"line":221,"column":1}},"19":{"start":{"line":222,"column":20},"end":{"line":225,"column":1}},"20":{"start":{"line":227,"column":27},"end":{"line":227,"column":62}},"21":{"start":{"line":228,"column":34},"end":{"line":228,"column":76}},"22":{"start":{"line":229,"column":26},"end":{"line":229,"column":60}},"23":{"start":{"line":230,"column":2},"end":{"line":311,"column":446}},"24":{"start":{"line":234,"column":37},"end":{"line":309,"column":44}},"25":{"start":{"line":243,"column":65},"end":{"line":243,"column":87}},"26":{"start":{"line":257,"column":65},"end":{"line":257,"column":84}},"27":{"start":{"line":271,"column":65},"end":{"line":271,"column":87}},"28":{"start":{"line":285,"column":65},"end":{"line":285,"column":94}},"29":{"start":{"line":295,"column":65},"end":{"line":295,"column":92}},"30":{"start":{"line":312,"column":2},"end":{"line":312,"column":49}}},"fnMap":{"0":{"name":"render","decl":{"start":{"line":226,"column":9},"end":{"line":226,"column":15}},"loc":{"start":{"line":226,"column":30},"end":{"line":312,"column":1}},"line":226},"1":{"name":"(anonymous_1)","decl":{"start":{"line":234,"column":31},"end":{"line":234,"column":32}},"loc":{"start":{"line":234,"column":37},"end":{"line":309,"column":44}},"line":234},"2":{"name":"(anonymous_2)","decl":{"start":{"line":243,"column":55},"end":{"line":243,"column":56}},"loc":{"start":{"line":243,"column":65},"end":{"line":243,"column":87}},"line":243},"3":{"name":"(anonymous_3)","decl":{"start":{"line":257,"column":55},"end":{"line":257,"column":56}},"loc":{"start":{"line":257,"column":65},"end":{"line":257,"column":84}},"line":257},"4":{"name":"(anonymous_4)","decl":{"start":{"line":271,"column":55},"end":{"line":271,"column":56}},"loc":{"start":{"line":271,"column":65},"end":{"line":271,"column":87}},"line":271},"5":{"name":"(anonymous_5)","decl":{"start":{"line":285,"column":55},"end":{"line":285,"column":56}},"loc":{"start":{"line":285,"column":65},"end":{"line":285,"column":94}},"line":285},"6":{"name":"(anonymous_6)","decl":{"start":{"line":295,"column":55},"end":{"line":295,"column":56}},"loc":{"start":{"line":295,"column":65},"end":{"line":295,"column":92}},"line":295}},"branchMap":{"0":{"loc":{"start":{"line":234,"column":87},"end":{"line":237,"column":32}},"type":"binary-expr","locations":[{"start":{"line":234,"column":87},"end":{"line":234,"column":96}},{"start":{"line":234,"column":101},"end":{"line":237,"column":31}}],"line":234},"1":{"loc":{"start":{"line":243,"column":29},"end":{"line":243,"column":88}},"type":"binary-expr","locations":[{"start":{"line":243,"column":29},"end":{"line":243,"column":38}},{"start":{"line":243,"column":43},"end":{"line":243,"column":87}}],"line":243},"2":{"loc":{"start":{"line":248,"column":59},"end":{"line":251,"column":41}},"type":"binary-expr","locations":[{"start":{"line":248,"column":59},"end":{"line":248,"column":68}},{"start":{"line":248,"column":73},"end":{"line":251,"column":40}}],"line":248},"3":{"loc":{"start":{"line":257,"column":29},"end":{"line":257,"column":85}},"type":"binary-expr","locations":[{"start":{"line":257,"column":29},"end":{"line":257,"column":38}},{"start":{"line":257,"column":43},"end":{"line":257,"column":84}}],"line":257},"4":{"loc":{"start":{"line":262,"column":59},"end":{"line":265,"column":41}},"type":"binary-expr","locations":[{"start":{"line":262,"column":59},"end":{"line":262,"column":68}},{"start":{"line":262,"column":73},"end":{"line":265,"column":40}}],"line":262},"5":{"loc":{"start":{"line":271,"column":29},"end":{"line":271,"column":88}},"type":"binary-expr","locations":[{"start":{"line":271,"column":29},"end":{"line":271,"column":38}},{"start":{"line":271,"column":43},"end":{"line":271,"column":87}}],"line":271},"6":{"loc":{"start":{"line":276,"column":59},"end":{"line":279,"column":52}},"type":"binary-expr","locations":[{"start":{"line":276,"column":59},"end":{"line":276,"column":68}},{"start":{"line":276,"column":73},"end":{"line":279,"column":51}}],"line":276},"7":{"loc":{"start":{"line":285,"column":29},"end":{"line":285,"column":95}},"type":"binary-expr","locations":[{"start":{"line":285,"column":29},"end":{"line":285,"column":38}},{"start":{"line":285,"column":43},"end":{"line":285,"column":94}}],"line":285},"8":{"loc":{"start":{"line":295,"column":29},"end":{"line":295,"column":93}},"type":"binary-expr","locations":[{"start":{"line":295,"column":29},"end":{"line":295,"column":38}},{"start":{"line":295,"column":43},"end":{"line":295,"column":92}}],"line":295},"9":{"loc":{"start":{"line":296,"column":82},"end":{"line":299,"column":67}},"type":"binary-expr","locations":[{"start":{"line":296,"column":82},"end":{"line":296,"column":91}},{"start":{"line":296,"column":96},"end":{"line":299,"column":66}}],"line":296},"10":{"loc":{"start":{"line":299,"column":69},"end":{"line":302,"column":63}},"type":"binary-expr","locations":[{"start":{"line":299,"column":69},"end":{"line":299,"column":79}},{"start":{"line":299,"column":84},"end":{"line":302,"column":62}}],"line":299},"11":{"loc":{"start":{"line":302,"column":65},"end":{"line":302,"column":280}},"type":"cond-expr","locations":[{"start":{"line":302,"column":110},"end":{"line":302,"column":234}},{"start":{"line":302,"column":238},"end":{"line":302,"column":280}}],"line":302},"12":{"loc":{"start":{"line":302,"column":65},"end":{"line":302,"column":106}},"type":"binary-expr","locations":[{"start":{"line":302,"column":65},"end":{"line":302,"column":84}},{"start":{"line":302,"column":88},"end":{"line":302,"column":106}}],"line":302},"13":{"loc":{"start":{"line":302,"column":284},"end":{"line":305,"column":44}},"type":"binary-expr","locations":[{"start":{"line":302,"column":284},"end":{"line":302,"column":294}},{"start":{"line":302,"column":299},"end":{"line":305,"column":43}}],"line":302},"14":{"loc":{"start":{"line":305,"column":46},"end":{"line":309,"column":43}},"type":"binary-expr","locations":[{"start":{"line":305,"column":46},"end":{"line":305,"column":56}},{"start":{"line":305,"column":61},"end":{"line":309,"column":42}}],"line":305},"15":{"loc":{"start":{"line":311,"column":35},"end":{"line":311,"column":233}},"type":"cond-expr","locations":[{"start":{"line":311,"column":56},"end":{"line":311,"column":187}},{"start":{"line":311,"column":191},"end":{"line":311,"column":233}}],"line":311},"16":{"loc":{"start":{"line":311,"column":235},"end":{"line":311,"column":437}},"type":"cond-expr","locations":[{"start":{"line":311,"column":258},"end":{"line":311,"column":391}},{"start":{"line":311,"column":395},"end":{"line":311,"column":437}}],"line":311}},"s":{"0":0,"1":0,"2":0,"3":0,"4":0,"5":0,"6":0,"7":0,"8":0,"9":0,"10":0,"11":0,"12":0,"13":0,"14":0,"15":0,"16":0,"17":0,"18":0,"19":0,"20":0,"21":0,"22":0,"23":0,"24":0,"25":0,"26":0,"27":0,"28":0,"29":0,"30":0},"f":{"0":0,"1":0,"2":0,"3":0,"4":0,"5":0,"6":0},"b":{"0":[0,0],"1":[0,0],"2":[0,0],"3":[0,0],"4":[0,0],"5":[0,0],"6":[0,0],"7":[0,0],"8":[0,0],"9":[0,0],"10":[0,0],"11":[0,0],"12":[0,0],"13":[0,0],"14":[0,0],"15":[0,0],"16":[0,0]},"inputSourceMap":{"0":"{","1":"\"","2":"v","3":"e","4":"r","5":"s","6":"i","7":"o","8":"n","9":"\"","10":":","11":"3","12":",","13":"\"","14":"s","15":"o","16":"u","17":"r","18":"c","19":"e","20":"s","21":"\"","22":":","23":"[","24":"\"","25":"C","26":":","27":"\\","28":"\\","29":"U","30":"s","31":"e","32":"r","33":"s","34":"\\","35":"\\","36":"o","37":"l","38":"i","39":"v","40":"i","41":"\\","42":"\\","43":"O","44":"n","45":"e","46":"D","47":"r","48":"i","49":"v","50":"e","51":"\\","52":"\\","53":"D","54":"o","55":"c","56":"u","57":"m","58":"e","59":"n","60":"t","61":"s","62":"\\","63":"\\","64":"E","65":"p","66":"h","67":"e","68":"c","69":"\\","70":"\\","71":"3","72":"T","73":"I","74":"\\","75":"\\","76":"T","77":"F","78":"E","79":"\\","80":"\\","81":"M","82":"o","83":"n","84":" ","85":"T","86":"F","87":"E","88":"\\","89":"\\","90":"T","91":"F","92":"E","93":"\\","94":"\\","95":"f","96":"r","97":"o","98":"n","99":"t","100":"e","101":"n","102":"d","103":"\\","104":"\\","105":"s","106":"r","107":"c","108":"\\","109":"\\","110":"v","111":"i","112":"e","113":"w","114":"s","115":"\\","116":"\\","117":"S","118":"i","119":"g","120":"n","121":"u","122":"p","123":"P","124":"a","125":"g","126":"e","127":".","128":"v","129":"u","130":"e","131":"\"","132":"]","133":",","134":"\"","135":"n","136":"a","137":"m","138":"e","139":"s","140":"\"","141":":","142":"[","143":"]","144":",","145":"\"","146":"m","147":"a","148":"p","149":"p","150":"i","151":"n","152":"g","153":"s","154":"\"","155":":","156":"\"","157":";","158":";","159":";","160":";","161":";","162":";","163":";","164":";","165":";","166":"A","167":"A","168":"8","169":"E","170":"A","171":";","172":"A","173":"A","174":"A","175":"A","176":";","177":"A","178":"A","179":"A","180":"A","181":";","182":"A","183":"A","184":"C","185":"A","186":";","187":"A","188":"A","189":"A","190":"A","191":";","192":"A","193":"A","194":"A","195":"A","196":";","197":"A","198":"A","199":"E","200":"A","201":";","202":"A","203":"A","204":"A","205":"A","206":";","207":"A","208":"A","209":"A","210":"A","211":";","212":"A","213":"A","214":"E","215":"A","216":";","217":"A","218":"A","219":"A","220":"A","221":";","222":"A","223":"A","224":"A","225":"A","226":";","227":"A","228":"A","229":"A","230":"A","231":";","232":"A","233":"A","234":"A","235":"A","236":";","237":"A","238":"A","239":"A","240":"A","241":",","242":"U","243":"A","244":"A","245":"U","246":",","247":"E","248":"A","249":"A","250":"C","251":",","252":"U","253":"A","254":"A","255":"U","256":";","257":"A","258":"A","259":"A","260":"E","261":";","262":"A","263":"A","264":"A","265":"A","266":";","267":"A","268":"A","269":"A","270":"A","271":";","272":"A","273":"A","274":"A","275":"A","276":",","277":"Q","278":"A","279":"A","280":"Q","281":",","282":"C","283":"A","284":"A","285":"C","286":";","287":"A","288":"A","289":"C","290":"h","291":"C","292":";","293":"A","294":"A","295":"A","296":"A","297":";","298":"A","299":"A","300":"A","301":"A","302":";","303":"A","304":"A","305":"A","306":"A","307":";","308":"A","309":"A","310":"A","311":"A","312":";","313":"A","314":"A","315":"A","316":"A","317":",","318":"U","319":"A","320":"A","321":"U","322":",","323":"E","324":"A","325":"A","326":"C","327":",","328":"O","329":"A","330":"A","331":"O","332":";","333":"A","334":"A","335":"A","336":"E","337":";","338":"A","339":"A","340":"A","341":"A","342":";","343":"A","344":"A","345":"A","346":"A","347":";","348":"A","349":"A","350":"A","351":"A","352":",","353":"K","354":"A","355":"A","356":"K","357":",","358":"C","359":"A","360":"A","361":"C","362":";","363":"A","364":"A","365":"C","366":"1","367":"B","368":";","369":"A","370":"A","371":"A","372":"A","373":";","374":"A","375":"A","376":"A","377":"A","378":";","379":"A","380":"A","381":"A","382":"A","383":";","384":"A","385":"A","386":"A","387":"A","388":";","389":"A","390":"A","391":"A","392":"A","393":",","394":"U","395":"A","396":"A","397":"U","398":",","399":"E","400":"A","401":"A","402":"C","403":",","404":"K","405":"A","406":"A","407":"K","408":";","409":"A","410":"A","411":"A","412":"E","413":";","414":"A","415":"A","416":"A","417":"A","418":";","419":"A","420":"A","421":"A","422":"A","423":";","424":"A","425":"A","426":"A","427":"A","428":",","429":"G","430":"A","431":"A","432":"G","433":",","434":"C","435":"A","436":"A","437":"C","438":";","439":"A","440":"A","441":"C","442":"t","443":"B","444":";","445":"A","446":"A","447":"A","448":"A","449":";","450":"A","451":"A","452":"A","453":"A","454":";","455":"A","456":"A","457":"A","458":"A","459":";","460":"A","461":"A","462":"A","463":"A","464":";","465":"A","466":"A","467":"A","468":"A","469":",","470":"U","471":"A","472":"A","473":"U","474":",","475":"E","476":"A","477":"A","478":"C","479":",","480":"U","481":"A","482":"A","483":"U","484":",","485":"E","486":"A","487":"A","488":"E","489":",","490":"K","491":"A","492":"A","493":"K","494":",","495":"I","496":"A","497":"A","498":"I","499":";","500":"E","501":"A","502":"C","503":"9","504":"B","505":",","506":"O","507":"A","508":"A","509":"O","510":",","511":"K","512":"A","513":"A","514":"K","515":",","516":"G","517":"A","518":"A","519":"G","520":",","521":"I","522":"A","523":"A","524":"I","525":",","526":"G","527":"A","528":"A","529":"G","530":",","531":"y","532":"C","533":"A","534":"A","535":"y","536":"C","537":";","538":"A","539":"A","540":"C","541":"j","542":"E","543":",","544":"C","545":"A","546":"A","547":"C","548":",","549":"C","550":"A","551":"A","552":"C","553":";","554":"A","555":"A","556":"C","557":"F","558":";","559":"A","560":"A","561":"A","562":"A","563":";","564":"A","565":"A","566":"A","567":"A","568":";","569":"A","570":"A","571":"A","572":"A","573":";","574":"A","575":"A","576":"A","577":"A","578":";","579":"A","580":"A","581":"A","582":"A","583":",","584":"U","585":"A","586":"A","587":"U","588":",","589":"E","590":"A","591":"A","592":"C","593":",","594":"S","595":"A","596":"A","597":"S","598":",","599":"E","600":"A","601":"A","602":"E","603":",","604":"C","605":"A","606":"A","607":"C","608":",","609":"K","610":"A","611":"A","612":"K","613":",","614":"E","615":"A","616":"A","617":"E","618":",","619":"C","620":"A","621":"A","622":"C","623":",","624":"M","625":"A","626":"A","627":"M","628":",","629":"C","630":"A","631":"A","632":"C","633":",","634":"E","635":"A","636":"A","637":"E","638":",","639":"G","640":"A","641":"A","642":"G","643":",","644":"K","645":"A","646":"A","647":"K","648":";","649":"E","650":"A","651":"C","652":"9","653":"C","654":",","655":"O","656":"A","657":"A","658":"O","659":",","660":"K","661":"A","662":"A","663":"K","664":",","665":"K","666":"A","667":"A","668":"K","669":",","670":"G","671":"A","672":"A","673":"G","674":",","675":"C","676":"A","677":"A","678":"C","679":",","680":"I","681":"A","682":"A","683":"I","684":",","685":"C","686":"A","687":"A","688":"C","689":",","690":"M","691":"A","692":"A","693":"M","694":",","695":"C","696":"A","697":"A","698":"C","699":",","700":"I","701":"A","702":"A","703":"I","704":",","705":"w","706":"C","707":"A","708":"A","709":"w","710":"C","711":";","712":"A","713":"A","714":"C","715":"/","716":"E","717":",","718":"C","719":"A","720":"A","721":"C","722":",","723":"C","724":"A","725":"A","726":"C","727":";","728":"A","729":"A","730":"C","731":"F","732":";","733":"A","734":"A","735":"A","736":"A","737":";","738":"A","739":"A","740":"A","741":"A","742":";","743":"A","744":"A","745":"A","746":"A","747":";","748":"A","749":"A","750":"A","751":"A","752":";","753":"A","754":"A","755":"A","756":"A","757":",","758":"U","759":"A","760":"A","761":"U","762":",","763":"E","764":"A","765":"A","766":"C","767":",","768":"a","769":"A","770":"A","771":"a","772":",","773":"E","774":"A","775":"A","776":"G","777":",","778":"K","779":"A","780":"A","781":"K","782":",","783":"I","784":"A","785":"A","786":"K","787":";","788":"E","789":"A","790":"C","791":"n","792":"C","793":",","794":"M","795":"A","796":"A","797":"M","798":",","799":"U","800":"A","801":"A","802":"U","803":",","804":"G","805":"A","806":"A","807":"G","808":",","809":"k","810":"D","811":"A","812":"A","813":"k","814":"D","815":";","816":"E","817":"A","818":"C","819":"r","820":"E","821":",","822":"O","823":"A","824":"A","825":"O","826":",","827":"U","828":"A","829":"A","830":"U","831":",","832":"C","833":"A","834":"A","835":"C","836":",","837":"I","838":"A","839":"A","840":"I","841":",","842":"C","843":"A","844":"A","845":"C","846":",","847":"K","848":"A","849":"A","850":"K","851":",","852":"C","853":"A","854":"A","855":"C","856":",","857":"I","858":"A","859":"A","860":"I","861":",","862":"2","863":"C","864":"A","865":"A","866":"2","867":"C","868":";","869":"A","870":"A","871":"C","872":"9","873":"E","874":",","875":"C","876":"A","877":"A","878":"C","879":",","880":"C","881":"A","882":"A","883":"C","884":";","885":"A","886":"A","887":"C","888":"F","889":";","890":"A","891":"A","892":"A","893":"A","894":";","895":"A","896":"A","897":"A","898":"A","899":";","900":"A","901":"A","902":"A","903":"A","904":";","905":"A","906":"A","907":"A","908":"A","909":";","910":"A","911":"A","912":"A","913":"A","914":",","915":"U","916":"A","917":"A","918":"U","919":",","920":"E","921":"A","922":"A","923":"C","924":",","925":"m","926":"B","927":"A","928":"A","929":"m","930":"B","931":",","932":"E","933":"A","934":"A","935":"G","936":",","937":"K","938":"A","939":"A","940":"K","941":",","942":"I","943":"A","944":"A","945":"K","946":";","947":"E","948":"A","949":"C","950":"z","951":"C","952":",","953":"O","954":"A","955":"A","956":"O","957":",","958":"O","959":"A","960":"A","961":"O","962":",","963":"C","964":"A","965":"A","966":"C","967":",","968":"I","969":"A","970":"A","971":"I","972":",","973":"C","974":"A","975":"A","976":"C","977":",","978":"K","979":"A","980":"A","981":"K","982":",","983":"C","984":"A","985":"A","986":"C","987":",","988":"I","989":"A","990":"A","991":"I","992":",","993":"6","994":"D","995":"A","996":"A","997":"6","998":"D","999":";","1000":"A","1001":"A","1002":"C","1003":"7","1004":"F","1005":",","1006":"C","1007":"A","1008":"A","1009":"C","1010":",","1011":"C","1012":"A","1013":"A","1014":"C","1015":";","1016":"A","1017":"A","1018":"C","1019":"F","1020":";","1021":"A","1022":"A","1023":"A","1024":"A","1025":";","1026":"A","1027":"A","1028":"A","1029":"A","1030":";","1031":"A","1032":"A","1033":"A","1034":"A","1035":";","1036":"A","1037":"A","1038":"A","1039":"A","1040":";","1041":"A","1042":"A","1043":"A","1044":"A","1045":",","1046":"U","1047":"A","1048":"A","1049":"U","1050":",","1051":"E","1052":"A","1053":"A","1054":"C","1055":",","1056":"m","1057":"B","1058":"A","1059":"A","1060":"m","1061":"B","1062":",","1063":"E","1064":"A","1065":"A","1066":"G","1067":",","1068":"K","1069":"A","1070":"A","1071":"K","1072":",","1073":"I","1074":"A","1075":"A","1076":"K","1077":";","1078":"E","1079":"A","1080":"C","1081":"z","1082":"C","1083":",","1084":"O","1085":"A","1086":"A","1087":"O","1088":",","1089":"O","1090":"A","1091":"A","1092":"O","1093":",","1094":"C","1095":"A","1096":"A","1097":"C","1098":",","1099":"I","1100":"A","1101":"A","1102":"I","1103":",","1104":"C","1105":"A","1106":"A","1107":"C","1108":",","1109":"K","1110":"A","1111":"A","1112":"K","1113":",","1114":"C","1115":"A","1116":"A","1117":"C","1118":",","1119":"I","1120":"A","1121":"A","1122":"I","1123":",","1124":"6","1125":"D","1126":"A","1127":"A","1128":"6","1129":"D","1130":";","1131":"A","1132":"A","1133":"C","1134":"7","1135":"F","1136":",","1137":"C","1138":"A","1139":"A","1140":"C","1141":",","1142":"C","1143":"A","1144":"A","1145":"C","1146":";","1147":"A","1148":"A","1149":"C","1150":"F","1151":";","1152":"A","1153":"A","1154":"A","1155":"A","1156":";","1157":"A","1158":"A","1159":"A","1160":"A","1161":";","1162":"A","1163":"A","1164":"A","1165":"A","1166":";","1167":"A","1168":"A","1169":"A","1170":"A","1171":";","1172":"A","1173":"A","1174":"A","1175":"A","1176":",","1177":"U","1178":"A","1179":"A","1180":"U","1181":",","1182":"E","1183":"A","1184":"A","1185":"C","1186":",","1187":"g","1188":"B","1189":"A","1190":"A","1191":"g","1192":"B","1193":",","1194":"E","1195":"A","1196":"A","1197":"G","1198":",","1199":"K","1200":"A","1201":"A","1202":"K","1203":",","1204":"I","1205":"A","1206":"A","1207":"K","1208":";","1209":"E","1210":"A","1211":"C","1212":"t","1213":"C","1214":",","1215":"O","1216":"A","1217":"A","1218":"O","1219":",","1220":"O","1221":"A","1222":"A","1223":"O","1224":",","1225":"C","1226":"A","1227":"A","1228":"C","1229":",","1230":"I","1231":"A","1232":"A","1233":"I","1234":",","1235":"C","1236":"A","1237":"A","1238":"C","1239":",","1240":"K","1241":"A","1242":"A","1243":"K","1244":",","1245":"C","1246":"A","1247":"A","1248":"C","1249":",","1250":"I","1251":"A","1252":"A","1253":"I","1254":",","1255":"m","1256":"D","1257":"A","1258":"A","1259":"m","1260":"D","1261":";","1262":"A","1263":"A","1264":"C","1265":"n","1266":"F","1267":",","1268":"C","1269":"A","1270":"A","1271":"C","1272":",","1273":"C","1274":"A","1275":"A","1276":"C","1277":";","1278":"A","1279":"A","1280":"C","1281":"F","1282":";","1283":"A","1284":"A","1285":"A","1286":"A","1287":";","1288":"A","1289":"A","1290":"A","1291":"A","1292":";","1293":"A","1294":"A","1295":"A","1296":"A","1297":";","1298":"A","1299":"A","1300":"A","1301":"A","1302":";","1303":"A","1304":"A","1305":"A","1306":"A","1307":",","1308":"U","1309":"A","1310":"A","1311":"U","1312":",","1313":"E","1314":"A","1315":"A","1316":"C","1317":",","1318":"i","1319":"B","1320":"A","1321":"A","1322":"i","1323":"B","1324":",","1325":"E","1326":"A","1327":"A","1328":"G","1329":",","1330":"K","1331":"A","1332":"A","1333":"K","1334":",","1335":"I","1336":"A","1337":"A","1338":"K","1339":";","1340":"E","1341":"A","1342":"C","1343":"v","1344":"C","1345":",","1346":"O","1347":"A","1348":"A","1349":"O","1350":",","1351":"w","1352":"B","1353":"A","1354":"A","1355":"w","1356":"B","1357":",","1358":"C","1359":"A","1360":"A","1361":"C","1362":",","1363":"I","1364":"A","1365":"A","1366":"I","1367":",","1368":"C","1369":"A","1370":"A","1371":"C","1372":",","1373":"K","1374":"A","1375":"A","1376":"K","1377":",","1378":"C","1379":"A","1380":"A","1381":"C","1382":",","1383":"I","1384":"A","1385":"A","1386":"I","1387":",","1388":"6","1389":"D","1390":"A","1391":"A","1392":"6","1393":"D","1394":";","1395":"A","1396":"A","1397":"C","1398":"9","1399":"G","1400":",","1401":"C","1402":"A","1403":"A","1404":"C","1405":",","1406":"C","1407":"A","1408":"A","1409":"C","1410":";","1411":"A","1412":"A","1413":"C","1414":"F","1415":";","1416":"A","1417":"A","1418":"A","1419":"A","1420":";","1421":"A","1422":"A","1423":"A","1424":"A","1425":";","1426":"A","1427":"A","1428":"A","1429":"A","1430":";","1431":"A","1432":"A","1433":"A","1434":"A","1435":";","1436":"A","1437":"A","1438":"A","1439":"A","1440":",","1441":"U","1442":"A","1443":"A","1444":"U","1445":",","1446":"E","1447":"A","1448":"A","1449":"C","1450":",","1451":"U","1452":"A","1453":"A","1454":"U","1455":",","1456":"E","1457":"A","1458":"A","1459":"G","1460":",","1461":"K","1462":"A","1463":"A","1464":"K","1465":",","1466":"I","1467":"A","1468":"A","1469":"K","1470":";","1471":"E","1472":"A","1473":"C","1474":"h","1475":"C","1476":",","1477":"O","1478":"A","1479":"A","1480":"O","1481":",","1482":"C","1483":"A","1484":"A","1485":"C","1486":",","1487":"I","1488":"A","1489":"A","1490":"I","1491":",","1492":"C","1493":"A","1494":"A","1495":"C","1496":",","1497":"I","1498":"A","1499":"A","1500":"I","1501":",","1502":"C","1503":"A","1504":"A","1505":"C","1506":",","1507":"K","1508":"A","1509":"A","1510":"K","1511":",","1512":"C","1513":"A","1514":"A","1515":"C","1516":",","1517":"I","1518":"A","1519":"A","1520":"I","1521":",","1522":"g","1523":"D","1524":"A","1525":"A","1526":"g","1527":"D","1528":";","1529":"A","1530":"A","1531":"C","1532":"9","1533":"E","1534":",","1535":"C","1536":"A","1537":"A","1538":"C","1539":",","1540":"C","1541":"A","1542":"A","1543":"C","1544":";","1545":"A","1546":"A","1547":"A","1548":"C","1549":";","1550":"A","1551":"A","1552":"A","1553":"A","1554":",","1555":"i","1556":"C","1557":"A","1558":"E","1559":"Y","1560":";","1561":"E","1562":"A","1563":"C","1564":"b","1565":",","1566":"U","1567":"A","1568":"A","1569":"U","1570":",","1571":"E","1572":"A","1573":"A","1574":"E","1575":";","1576":"I","1577":"A","1578":"C","1579":"V","1580":",","1581":"I","1582":"A","1583":"A","1584":"I","1585":";","1586":"I","1587":"A","1588":"A","1589":"J","1590":";","1591":"I","1592":"A","1593":"A","1594":"A","1595":";","1596":"I","1597":"A","1598":"A","1599":"A","1600":";","1601":"I","1602":"A","1603":"A","1604":"A","1605":",","1606":"I","1607":"A","1608":"A","1609":"I","1610":";","1611":"I","1612":"A","1613":"C","1614":"J","1615":",","1616":"K","1617":"A","1618":"A","1619":"K","1620":";","1621":"I","1622":"A","1623":"A","1624":"L","1625":";","1626":"I","1627":"A","1628":"A","1629":"A","1630":";","1631":"I","1632":"A","1633":"A","1634":"A","1635":";","1636":"I","1637":"A","1638":"A","1639":"A","1640":",","1641":"K","1642":"A","1643":"A","1644":"K","1645":";","1646":"I","1647":"A","1648":"C","1649":"L","1650":",","1651":"Y","1652":"A","1653":"A","1654":"Y","1655":";","1656":"I","1657":"A","1658":"A","1659":"Z","1660":";","1661":"I","1662":"A","1663":"A","1664":"A","1665":";","1666":"I","1667":"A","1668":"A","1669":"A","1670":";","1671":"I","1672":"A","1673":"A","1674":"A","1675":";","1676":"E","1677":"A","1678":"C","1679":"F","1680":",","1681":"C","1682":"A","1683":"A","1684":"C","1685":";","1686":"E","1687":"A","1688":"C","1689":"D","1690":",","1691":"I","1692":"A","1693":"A","1694":"I","1695":",","1696":"G","1697":"A","1698":"A","1699":"G","1700":";","1701":"I","1702":"A","1703":"C","1704":"L","1705":",","1706":"O","1707":"A","1708":"A","1709":"O","1710":";","1711":"M","1712":"A","1713":"C","1714":"L","1715":",","1716":"Q","1717":"A","1718":"A","1719":"Q","1720":",","1721":"E","1722":"A","1723":"A","1724":"E","1725":",","1726":"E","1727":"A","1728":"A","1729":"E","1730":";","1731":"M","1732":"A","1733":"C","1734":"Z","1735":",","1736":"K","1737":"A","1738":"A","1739":"K","1740":",","1741":"E","1742":"A","1743":"A","1744":"E","1745":",","1746":"E","1747":"A","1748":"A","1749":"E","1750":";","1751":"M","1752":"A","1753":"C","1754":"T","1755":",","1756":"Q","1757":"A","1758":"A","1759":"Q","1760":",","1761":"E","1762":"A","1763":"A","1764":"E","1765":",","1766":"E","1767":"A","1768":"A","1769":"E","1770":";","1771":"M","1772":"A","1773":"C","1774":"Z","1775":",","1776":"e","1777":"A","1778":"A","1779":"e","1780":",","1781":"E","1782":"A","1783":"A","1784":"E","1785":",","1786":"E","1787":"A","1788":"A","1789":"E","1790":";","1791":"M","1792":"A","1793":"C","1794":"n","1795":"B","1796":",","1797":"a","1798":"A","1799":"A","1800":"a","1801":",","1802":"E","1803":"A","1804":"A","1805":"E","1806":",","1807":"K","1808":"A","1809":"A","1810":"K","1811":";","1812":"M","1813":"A","1814":"C","1815":"p","1816":"B","1817":",","1818":"a","1819":"A","1820":"A","1821":"a","1822":",","1823":"E","1824":"A","1825":"A","1826":"E","1827":",","1828":"K","1829":"A","1830":"A","1831":"K","1832":";","1833":"M","1834":"A","1835":"C","1836":"p","1837":"B","1838":",","1839":"Y","1840":"A","1841":"A","1842":"Y","1843":",","1844":"E","1845":"A","1846":"A","1847":"E","1848":",","1849":"E","1850":"A","1851":"A","1852":"E","1853":";","1854":"M","1855":"A","1856":"C","1857":"h","1858":"B","1859":",","1860":"c","1861":"A","1862":"A","1863":"c","1864":",","1865":"E","1866":"A","1867":"A","1868":"E","1869":";","1870":"I","1871":"A","1872":"C","1873":"l","1874":"B","1875":",","1876":"C","1877":"A","1878":"A","1879":"C","1880":";","1881":"E","1882":"A","1883":"C","1884":"H","1885":",","1886":"C","1887":"A","1888":"A","1889":"C","1890":";","1891":"E","1892":"A","1893":"C","1894":"D","1895":",","1896":"O","1897":"A","1898":"A","1899":"O","1900":",","1901":"E","1902":"A","1903":"A","1904":"E","1905":";","1906":"I","1907":"A","1908":"C","1909":"P","1910":",","1911":"M","1912":"A","1913":"A","1914":"M","1915":",","1916":"Y","1917":"A","1918":"A","1919":"Y","1920":",","1921":"G","1922":"A","1923":"A","1924":"G","1925":";","1926":"M","1927":"A","1928":"C","1929":"n","1930":"B","1931":",","1932":"I","1933":"A","1934":"A","1935":"I","1936":",","1937":"C","1938":"A","1939":"A","1940":"C","1941":",","1942":"a","1943":"A","1944":"A","1945":"a","1946":",","1947":"G","1948":"A","1949":"A","1950":"G","1951":",","1952":"I","1953":"A","1954":"A","1955":"I","1956":";","1957":"M","1958":"A","1959":"C","1960":"z","1961":"B","1962":",","1963":"I","1964":"A","1965":"A","1966":"I","1967":",","1968":"C","1969":"A","1970":"A","1971":"C","1972":",","1973":"I","1974":"A","1975":"A","1976":"I","1977":",","1978":"C","1979":"A","1980":"A","1981":"C","1982":",","1983":"a","1984":"A","1985":"A","1986":"a","1987":",","1988":"E","1989":"A","1990":"A","1991":"E","1992":";","1993":"Q","1994":"A","1995":"C","1996":"v","1997":"B","1998":",","1999":"I","2000":"A","2001":"A","2002":"I","2003":",","2004":"C","2005":"A","2006":"A","2007":"C","2008":",","2009":"Y","2010":"A","2011":"A","2012":"Y","2013":",","2014":"G","2015":"A","2016":"A","2017":"G","2018":",","2019":"m","2020":"D","2021":"A","2022":"A","2023":"m","2024":"D","2025":";","2026":"Q","2027":"A","2028":"C","2029":"v","2030":"E","2031":";","2032":"M","2033":"A","2034":"C","2035":"F","2036":";","2037":"M","2038":"A","2039":"C","2040":"A","2041":",","2042":"I","2043":"A","2044":"A","2045":"I","2046":",","2047":"C","2048":"A","2049":"A","2050":"C","2051":",","2052":"Y","2053":"A","2054":"A","2055":"Y","2056":",","2057":"G","2058":"A","2059":"A","2060":"G","2061":",","2062":"E","2063":"A","2064":"A","2065":"E","2066":";","2067":"M","2068":"A","2069":"C","2070":"t","2071":"B","2072":",","2073":"M","2074":"A","2075":"A","2076":"M","2077":",","2078":"I","2079":"A","2080":"A","2081":"I","2082":",","2083":"C","2084":"A","2085":"A","2086":"C","2087":",","2088":"Y","2089":"A","2090":"A","2091":"Y","2092":",","2093":"C","2094":"A","2095":"A","2096":"C","2097":",","2098":"C","2099":"A","2100":"A","2101":"C","2102":";","2103":"I","2104":"A","2105":"C","2106":"3","2107":"B","2108":",","2109":"C","2110":"A","2111":"A","2112":"C","2113":";","2114":"I","2115":"A","2116":"C","2117":"D","2118":",","2119":"M","2120":"A","2121":"A","2122":"M","2123":",","2124":"Y","2125":"A","2126":"A","2127":"Y","2128":",","2129":"G","2130":"A","2131":"A","2132":"G","2133":";","2134":"M","2135":"A","2136":"C","2137":"n","2138":"B","2139":",","2140":"I","2141":"A","2142":"A","2143":"I","2144":";","2145":"Q","2146":"A","2147":"C","2148":"F","2149":",","2150":"M","2151":"A","2152":"A","2153":"M","2154":";","2155":"Q","2156":"A","2157":"A","2158":"A","2159":";","2160":"Q","2161":"A","2162":"A","2163":"A","2164":",","2165":"O","2166":"A","2167":"A","2168":"K","2169":",","2170":"C","2171":"A","2172":"A","2173":"C","2174":",","2175":"I","2176":"A","2177":"A","2178":"I","2179":",","2180":"C","2181":"A","2182":"A","2183":"C","2184":",","2185":"G","2186":"A","2187":"A","2188":"G","2189":",","2190":"O","2191":"A","2192":"A","2193":"O","2194":",","2195":"C","2196":"A","2197":"A","2198":"C","2199":",","2200":"G","2201":"A","2202":"A","2203":"G","2204":",","2205":"C","2206":"A","2207":"A","2208":"C","2209":",","2210":"m","2211":"B","2212":"A","2213":"A","2214":"m","2215":"B","2216":",","2217":"S","2218":"A","2219":"A","2220":"S","2221":",","2222":"E","2223":"A","2224":"A","2225":"E","2226":";","2227":"U","2228":"A","2229":"C","2230":"5","2231":"D","2232":",","2233":"Q","2234":"A","2235":"A","2236":"Q","2237":",","2238":"E","2239":"A","2240":"A","2241":"E","2242":",","2243":"I","2244":"A","2245":"A","2246":"I","2247":",","2248":"C","2249":"A","2250":"A","2251":"C","2252":",","2253":"Q","2254":"A","2255":"A","2256":"Q","2257":";","2258":"U","2259":"A","2260":"C","2261":"v","2262":"B","2263":",","2264":"K","2265":"A","2266":"A","2267":"K","2268":",","2269":"E","2270":"A","2271":"A","2272":"E","2273":",","2274":"I","2275":"A","2276":"A","2277":"I","2278":",","2279":"C","2280":"A","2281":"A","2282":"C","2283":",","2284":"K","2285":"A","2286":"A","2287":"K","2288":";","2289":"U","2290":"A","2291":"C","2292":"j","2293":"B","2294":",","2295":"Q","2296":"A","2297":"A","2298":"Q","2299":",","2300":"E","2301":"A","2302":"A","2303":"E","2304":",","2305":"I","2306":"A","2307":"A","2308":"I","2309":",","2310":"C","2311":"A","2312":"A","2313":"C","2314":";","2315":"Q","2316":"A","2317":"C","2318":"j","2319":"B","2320":",","2321":"C","2322":"A","2323":"A","2324":"C","2325":",","2326":"E","2327":"A","2328":"A","2329":"E","2330":";","2331":"U","2332":"A","2333":"C","2334":"D","2335":",","2336":"e","2337":"A","2338":"A","2339":"e","2340":",","2341":"E","2342":"A","2343":"A","2344":"E","2345":";","2346":"Q","2347":"A","2348":"C","2349":"n","2350":"B","2351":",","2352":"C","2353":"A","2354":"A","2355":"C","2356":",","2357":"C","2358":"A","2359":"A","2360":"C","2361":";","2362":"Q","2363":"A","2364":"C","2365":"F","2366":",","2367":"I","2368":"A","2369":"A","2370":"I","2371":",","2372":"C","2373":"A","2374":"A","2375":"C","2376":",","2377":"c","2378":"A","2379":"A","2380":"c","2381":",","2382":"G","2383":"A","2384":"A","2385":"G","2386":",","2387":"g","2388":"E","2389":"A","2390":"A","2391":"g","2392":"E","2393":";","2394":"Q","2395":"A","2396":"C","2397":"t","2398":"F","2399":",","2400":"U","2401":"A","2402":"A","2403":"U","2404":",","2405":"C","2406":"A","2407":"A","2408":"C","2409":",","2410":"M","2411":"A","2412":"A","2413":"M","2414":";","2415":"U","2416":"A","2417":"C","2418":"f","2419":",","2420":"I","2421":"A","2422":"A","2423":"I","2424":",","2425":"C","2426":"A","2427":"A","2428":"C","2429":",","2430":"O","2431":"A","2432":"A","2433":"O","2434":",","2435":"C","2436":"A","2437":"A","2438":"C","2439":",","2440":"I","2441":"A","2442":"A","2443":"I","2444":",","2445":"C","2446":"A","2447":"A","2448":"C","2449":",","2450":"G","2451":"A","2452":"A","2453":"G","2454":",","2455":"C","2456":"A","2457":"A","2458":"C","2459":";","2460":"Q","2461":"A","2462":"C","2463":"x","2464":"B","2465":",","2466":"C","2467":"A","2468":"A","2469":"C","2470":",","2471":"E","2472":"A","2473":"A","2474":"E","2475":",","2476":"I","2477":"A","2478":"A","2479":"I","2480":",","2481":"C","2482":"A","2483":"A","2484":"C","2485":";","2486":"M","2487":"A","2488":"C","2489":"V","2490":",","2491":"C","2492":"A","2493":"A","2494":"C","2495":",","2496":"C","2497":"A","2498":"A","2499":"C","2500":",","2501":"O","2502":"A","2503":"A","2504":"O","2505":",","2506":"K","2507":"A","2508":"A","2509":"K","2510":",","2511":"E","2512":"A","2513":"A","2514":"E","2515":";","2516":"Q","2517":"A","2518":"C","2519":"d","2520":",","2521":"I","2522":"A","2523":"A","2524":"I","2525":",","2526":"K","2527":"A","2528":"A","2529":"K","2530":",","2531":"C","2532":"A","2533":"A","2534":"C","2535":",","2536":"Q","2537":"A","2538":"A","2539":"Q","2540":",","2541":"I","2542":"A","2543":"A","2544":"I","2545":",","2546":"K","2547":"A","2548":"A","2549":"K","2550":",","2551":"C","2552":"A","2553":"A","2554":"C","2555":",","2556":"Q","2557":"A","2558":"A","2559":"Q","2560":",","2561":"C","2562":"A","2563":"A","2564":"C","2565":",","2566":"I","2567":"A","2568":"A","2569":"I","2570":",","2571":"I","2572":"A","2573":"A","2574":"I","2575":",","2576":"K","2577":"A","2578":"A","2579":"K","2580":",","2581":"C","2582":"A","2583":"A","2584":"C","2585":",","2586":"Q","2587":"A","2588":"A","2589":"Q","2590":",","2591":"C","2592":"A","2593":"A","2594":"C","2595":",","2596":"I","2597":"A","2598":"A","2599":"I","2600":",","2601":"C","2602":"A","2603":"A","2604":"C","2605":",","2606":"O","2607":"A","2608":"A","2609":"O","2610":",","2611":"E","2612":"A","2613":"A","2614":"E","2615":";","2616":"U","2617":"A","2618":"C","2619":"x","2620":"E","2621":",","2622":"I","2623":"A","2624":"A","2625":"I","2626":",","2627":"C","2628":"A","2629":"A","2630":"C","2631":",","2632":"Y","2633":"A","2634":"A","2635":"Y","2636":",","2637":"G","2638":"A","2639":"A","2640":"G","2641":",","2642":"K","2643":"A","2644":"A","2645":"K","2646":",","2647":"C","2648":"A","2649":"A","2650":"C","2651":",","2652":"Q","2653":"A","2654":"A","2655":"Q","2656":",","2657":"C","2658":"A","2659":"A","2660":"C","2661":",","2662":"I","2663":"A","2664":"A","2665":"I","2666":",","2667":"C","2668":"A","2669":"A","2670":"C","2671":",","2672":"O","2673":"A","2674":"A","2675":"O","2676":";","2677":"Q","2678":"A","2679":"C","2680":"j","2681":"D","2682":",","2683":"C","2684":"A","2685":"A","2686":"C","2687":",","2688":"M","2689":"A","2690":"A","2691":"M","2692":";","2693":"U","2694":"A","2695":"C","2696":"L","2697":",","2698":"I","2699":"A","2700":"A","2701":"I","2702":",","2703":"C","2704":"A","2705":"A","2706":"C","2707":",","2708":"Y","2709":"A","2710":"A","2711":"Y","2712":",","2713":"G","2714":"A","2715":"A","2716":"G","2717":",","2718":"g","2719":"F","2720":"A","2721":"A","2722":"g","2723":"F","2724":";","2725":"Q","2726":"A","2727":"C","2728":"t","2729":"G","2730":";","2731":"M","2732":"A","2733":"C","2734":"F","2735":";","2736":"I","2737":"A","2738":"C","2739":"F","2740":";","2741":"E","2742":"A","2743":"C","2744":"F","2745":";","2746":"A","2747":"A","2748":"C","2749":"F","2750":",","2751":"C","2752":"A","2753":"A","2754":"C","2755":"\"","2756":",","2757":"\"","2758":"f","2759":"i","2760":"l","2761":"e","2762":"\"","2763":":","2764":"\"","2765":"C","2766":":","2767":"\\","2768":"\\","2769":"U","2770":"s","2771":"e","2772":"r","2773":"s","2774":"\\","2775":"\\","2776":"o","2777":"l","2778":"i","2779":"v","2780":"i","2781":"\\","2782":"\\","2783":"O","2784":"n","2785":"e","2786":"D","2787":"r","2788":"i","2789":"v","2790":"e","2791":"\\","2792":"\\","2793":"D","2794":"o","2795":"c","2796":"u","2797":"m","2798":"e","2799":"n","2800":"t","2801":"s","2802":"\\","2803":"\\","2804":"E","2805":"p","2806":"h","2807":"e","2808":"c","2809":"\\","2810":"\\","2811":"3","2812":"T","2813":"I","2814":"\\","2815":"\\","2816":"T","2817":"F","2818":"E","2819":"\\","2820":"\\","2821":"M","2822":"o","2823":"n","2824":" ","2825":"T","2826":"F","2827":"E","2828":"\\","2829":"\\","2830":"T","2831":"F","2832":"E","2833":"\\","2834":"\\","2835":"f","2836":"r","2837":"o","2838":"n","2839":"t","2840":"e","2841":"n","2842":"d","2843":"\\","2844":"\\","2845":"s","2846":"r","2847":"c","2848":"\\","2849":"\\","2850":"v","2851":"i","2852":"e","2853":"w","2854":"s","2855":"\\","2856":"\\","2857":"S","2858":"i","2859":"g","2860":"n","2861":"u","2862":"p","2863":"P","2864":"a","2865":"g","2866":"e","2867":".","2868":"v","2869":"u","2870":"e","2871":"\"","2872":",","2873":"\"","2874":"s","2875":"o","2876":"u","2877":"r","2878":"c","2879":"e","2880":"s","2881":"C","2882":"o","2883":"n","2884":"t","2885":"e","2886":"n","2887":"t","2888":"\"","2889":":","2890":"[","2891":"\"","2892":"<","2893":"t","2894":"e","2895":"m","2896":"p","2897":"l","2898":"a","2899":"t","2900":"e","2901":">","2902":"\\","2903":"r","2904":"\\","2905":"n","2906":" ","2907":" ","2908":"<","2909":"d","2910":"i","2911":"v","2912":" ","2913":"c","2914":"l","2915":"a","2916":"s","2917":"s","2918":"=","2919":"\\","2920":"\"","2921":"c","2922":"o","2923":"n","2924":"t","2925":"a","2926":"i","2927":"n","2928":"e","2929":"r","2930":" ","2931":"m","2932":"t","2933":"-","2934":"5","2935":"\\","2936":"\"","2937":">","2938":"\\","2939":"r","2940":"\\","2941":"n","2942":" ","2943":" ","2944":" ","2945":" ","2946":"<","2947":"d","2948":"i","2949":"v","2950":" ","2951":"c","2952":"l","2953":"a","2954":"s","2955":"s","2956":"=","2957":"\\","2958":"\"","2959":"r","2960":"o","2961":"w","2962":" ","2963":"j","2964":"u","2965":"s","2966":"t","2967":"i","2968":"f","2969":"y","2970":"-","2971":"c","2972":"o","2973":"n","2974":"t","2975":"e","2976":"n","2977":"t","2978":"-","2979":"c","2980":"e","2981":"n","2982":"t","2983":"e","2984":"r","2985":"\\","2986":"\"","2987":">","2988":"\\","2989":"r","2990":"\\","2991":"n","2992":" ","2993":" ","2994":" ","2995":" ","2996":" ","2997":" ","2998":"<","2999":"d","3000":"i","3001":"v","3002":" ","3003":"c","3004":"l","3005":"a","3006":"s","3007":"s","3008":"=","3009":"\\","3010":"\"","3011":"c","3012":"o","3013":"l","3014":"-","3015":"m","3016":"d","3017":"-","3018":"6","3019":"\\","3020":"\"","3021":">","3022":"\\","3023":"r","3024":"\\","3025":"n","3026":" ","3027":" ","3028":" ","3029":" ","3030":" ","3031":" ","3032":" ","3033":" ","3034":"<","3035":"d","3036":"i","3037":"v","3038":" ","3039":"c","3040":"l","3041":"a","3042":"s","3043":"s","3044":"=","3045":"\\","3046":"\"","3047":"c","3048":"a","3049":"r","3050":"d","3051":" ","3052":"p","3053":"-","3054":"4","3055":"\\","3056":"\"","3057":">","3058":"\\","3059":"r","3060":"\\","3061":"n","3062":" ","3063":" ","3064":" ","3065":" ","3066":" ","3067":" ","3068":" ","3069":" ","3070":" ","3071":" ","3072":"<","3073":"F","3074":"o","3075":"r","3076":"m","3077":" ","3078":"@","3079":"s","3080":"u","3081":"b","3082":"m","3083":"i","3084":"t","3085":"=","3086":"\\","3087":"\"","3088":"h","3089":"a","3090":"n","3091":"d","3092":"l","3093":"e","3094":"S","3095":"u","3096":"b","3097":"m","3098":"i","3099":"t","3100":"\\","3101":"\"","3102":" ","3103":"c","3104":"l","3105":"a","3106":"s","3107":"s","3108":"=","3109":"\\","3110":"\"","3111":"s","3112":"i","3113":"g","3114":"n","3115":"u","3116":"p","3117":"-","3118":"f","3119":"o","3120":"r","3121":"m","3122":"\\","3123":"\"","3124":">","3125":"\\","3126":"r","3127":"\\","3128":"n","3129":" ","3130":" ","3131":" ","3132":" ","3133":" ","3134":" ","3135":" ","3136":" ","3137":" ","3138":" ","3139":" ","3140":" ","3141":"<","3142":"d","3143":"i","3144":"v","3145":" ","3146":"c","3147":"l","3148":"a","3149":"s","3150":"s","3151":"=","3152":"\\","3153":"\"","3154":"m","3155":"b","3156":"-","3157":"3","3158":"\\","3159":"\"","3160":">","3161":"\\","3162":"r","3163":"\\","3164":"n","3165":" ","3166":" ","3167":" ","3168":" ","3169":" ","3170":" ","3171":" ","3172":" ","3173":" ","3174":" ","3175":" ","3176":" ","3177":" ","3178":" ","3179":"<","3180":"l","3181":"a","3182":"b","3183":"e","3184":"l","3185":" ","3186":"f","3187":"o","3188":"r","3189":"=","3190":"\\","3191":"\"","3192":"u","3193":"s","3194":"e","3195":"r","3196":"n","3197":"a","3198":"m","3199":"e","3200":"\\","3201":"\"","3202":" ","3203":"c","3204":"l","3205":"a","3206":"s","3207":"s","3208":"=","3209":"\\","3210":"\"","3211":"f","3212":"o","3213":"r","3214":"m","3215":"-","3216":"l","3217":"a","3218":"b","3219":"e","3220":"l","3221":"\\","3222":"\"","3223":">","3224":"N","3225":"o","3226":"m","3227":"<","3228":"/","3229":"l","3230":"a","3231":"b","3232":"e","3233":"l","3234":">","3235":"\\","3236":"r","3237":"\\","3238":"n","3239":" ","3240":" ","3241":" ","3242":" ","3243":" ","3244":" ","3245":" ","3246":" ","3247":" ","3248":" ","3249":" ","3250":" ","3251":" ","3252":" ","3253":"<","3254":"F","3255":"i","3256":"e","3257":"l","3258":"d","3259":" ","3260":"\\","3261":"r","3262":"\\","3263":"n","3264":" ","3265":" ","3266":" ","3267":" ","3268":" ","3269":" ","3270":" ","3271":" ","3272":" ","3273":" ","3274":" ","3275":" ","3276":" ","3277":" ","3278":" ","3279":" ","3280":"i","3281":"d","3282":"=","3283":"\\","3284":"\"","3285":"u","3286":"s","3287":"e","3288":"r","3289":"n","3290":"a","3291":"m","3292":"e","3293":"\\","3294":"\"","3295":" ","3296":"\\","3297":"r","3298":"\\","3299":"n","3300":" ","3301":" ","3302":" ","3303":" ","3304":" ","3305":" ","3306":" ","3307":" ","3308":" ","3309":" ","3310":" ","3311":" ","3312":" ","3313":" ","3314":" ","3315":" ","3316":"n","3317":"a","3318":"m","3319":"e","3320":"=","3321":"\\","3322":"\"","3323":"u","3324":"s","3325":"e","3326":"r","3327":"n","3328":"a","3329":"m","3330":"e","3331":"\\","3332":"\"","3333":" ","3334":"\\","3335":"r","3336":"\\","3337":"n","3338":" ","3339":" ","3340":" ","3341":" ","3342":" ","3343":" ","3344":" ","3345":" ","3346":" ","3347":" ","3348":" ","3349":" ","3350":" ","3351":" ","3352":" ","3353":" ","3354":"t","3355":"y","3356":"p","3357":"e","3358":"=","3359":"\\","3360":"\"","3361":"t","3362":"e","3363":"x","3364":"t","3365":"\\","3366":"\"","3367":" ","3368":"\\","3369":"r","3370":"\\","3371":"n","3372":" ","3373":" ","3374":" ","3375":" ","3376":" ","3377":" ","3378":" ","3379":" ","3380":" ","3381":" ","3382":" ","3383":" ","3384":" ","3385":" ","3386":" ","3387":" ","3388":"c","3389":"l","3390":"a","3391":"s","3392":"s","3393":"=","3394":"\\","3395":"\"","3396":"f","3397":"o","3398":"r","3399":"m","3400":"-","3401":"c","3402":"o","3403":"n","3404":"t","3405":"r","3406":"o","3407":"l","3408":"\\","3409":"\"","3410":" ","3411":"\\","3412":"r","3413":"\\","3414":"n","3415":" ","3416":" ","3417":" ","3418":" ","3419":" ","3420":" ","3421":" ","3422":" ","3423":" ","3424":" ","3425":" ","3426":" ","3427":" ","3428":" ","3429":" ","3430":" ","3431":"v","3432":"-","3433":"m","3434":"o","3435":"d","3436":"e","3437":"l","3438":"=","3439":"\\","3440":"\"","3441":"u","3442":"s","3443":"e","3444":"r","3445":"n","3446":"a","3447":"m","3448":"e","3449":"\\","3450":"\"","3451":"\\","3452":"r","3453":"\\","3454":"n","3455":" ","3456":" ","3457":" ","3458":" ","3459":" ","3460":" ","3461":" ","3462":" ","3463":" ","3464":" ","3465":" ","3466":" ","3467":" ","3468":" ","3469":" ","3470":" ","3471":"r","3472":"u","3473":"l","3474":"e","3475":"s","3476":"=","3477":"\\","3478":"\"","3479":"r","3480":"e","3481":"q","3482":"u","3483":"i","3484":"r","3485":"e","3486":"d","3487":"|","3488":"m","3489":"i","3490":"n","3491":":","3492":"3","3493":"\\","3494":"\"","3495":"\\","3496":"r","3497":"\\","3498":"n","3499":" ","3500":" ","3501":" ","3502":" ","3503":" ","3504":" ","3505":" ","3506":" ","3507":" ","3508":" ","3509":" ","3510":" ","3511":" ","3512":" ","3513":"/","3514":">","3515":"\\","3516":"r","3517":"\\","3518":"n","3519":" ","3520":" ","3521":" ","3522":" ","3523":" ","3524":" ","3525":" ","3526":" ","3527":" ","3528":" ","3529":" ","3530":" ","3531":" ","3532":" ","3533":"<","3534":"E","3535":"r","3536":"r","3537":"o","3538":"r","3539":"M","3540":"e","3541":"s","3542":"s","3543":"a","3544":"g","3545":"e","3546":" ","3547":"n","3548":"a","3549":"m","3550":"e","3551":"=","3552":"\\","3553":"\"","3554":"u","3555":"s","3556":"e","3557":"r","3558":"n","3559":"a","3560":"m","3561":"e","3562":"\\","3563":"\"","3564":" ","3565":"c","3566":"l","3567":"a","3568":"s","3569":"s","3570":"=","3571":"\\","3572":"\"","3573":"t","3574":"e","3575":"x","3576":"t","3577":"-","3578":"d","3579":"a","3580":"n","3581":"g","3582":"e","3583":"r","3584":"\\","3585":"\"","3586":"/","3587":">","3588":"\\","3589":"r","3590":"\\","3591":"n","3592":" ","3593":" ","3594":" ","3595":" ","3596":" ","3597":" ","3598":" ","3599":" ","3600":" ","3601":" ","3602":" ","3603":" ","3604":"<","3605":"/","3606":"d","3607":"i","3608":"v","3609":">","3610":"\\","3611":"r","3612":"\\","3613":"n","3614":" ","3615":" ","3616":" ","3617":" ","3618":" ","3619":" ","3620":" ","3621":" ","3622":" ","3623":" ","3624":" ","3625":" ","3626":"<","3627":"d","3628":"i","3629":"v","3630":" ","3631":"c","3632":"l","3633":"a","3634":"s","3635":"s","3636":"=","3637":"\\","3638":"\"","3639":"m","3640":"b","3641":"-","3642":"3","3643":"\\","3644":"\"","3645":">","3646":"\\","3647":"r","3648":"\\","3649":"n","3650":" ","3651":" ","3652":" ","3653":" ","3654":" ","3655":" ","3656":" ","3657":" ","3658":" ","3659":" ","3660":" ","3661":" ","3662":" ","3663":" ","3664":"<","3665":"l","3666":"a","3667":"b","3668":"e","3669":"l","3670":" ","3671":"f","3672":"o","3673":"r","3674":"=","3675":"\\","3676":"\"","3677":"e","3678":"m","3679":"a","3680":"i","3681":"l","3682":"\\","3683":"\"","3684":" ","3685":"c","3686":"l","3687":"a","3688":"s","3689":"s","3690":"=","3691":"\\","3692":"\"","3693":"f","3694":"o","3695":"r","3696":"m","3697":"-","3698":"l","3699":"a","3700":"b","3701":"e","3702":"l","3703":"\\","3704":"\"","3705":">","3706":"A","3707":"d","3708":"r","3709":"e","3710":"s","3711":"s","3712":"e","3713":" ","3714":"m","3715":"a","3716":"i","3717":"l","3718":"<","3719":"/","3720":"l","3721":"a","3722":"b","3723":"e","3724":"l","3725":">","3726":"\\","3727":"r","3728":"\\","3729":"n","3730":" ","3731":" ","3732":" ","3733":" ","3734":" ","3735":" ","3736":" ","3737":" ","3738":" ","3739":" ","3740":" ","3741":" ","3742":" ","3743":" ","3744":"<","3745":"F","3746":"i","3747":"e","3748":"l","3749":"d","3750":" ","3751":"\\","3752":"r","3753":"\\","3754":"n","3755":" ","3756":" ","3757":" ","3758":" ","3759":" ","3760":" ","3761":" ","3762":" ","3763":" ","3764":" ","3765":" ","3766":" ","3767":" ","3768":" ","3769":" ","3770":" ","3771":"i","3772":"d","3773":"=","3774":"\\","3775":"\"","3776":"e","3777":"m","3778":"a","3779":"i","3780":"l","3781":"\\","3782":"\"","3783":" ","3784":"\\","3785":"r","3786":"\\","3787":"n","3788":" ","3789":" ","3790":" ","3791":" ","3792":" ","3793":" ","3794":" ","3795":" ","3796":" ","3797":" ","3798":" ","3799":" ","3800":" ","3801":" ","3802":" ","3803":" ","3804":"n","3805":"a","3806":"m","3807":"e","3808":"=","3809":"\\","3810":"\"","3811":"e","3812":"m","3813":"a","3814":"i","3815":"l","3816":"\\","3817":"\"","3818":" ","3819":"\\","3820":"r","3821":"\\","3822":"n","3823":" ","3824":" ","3825":" ","3826":" ","3827":" ","3828":" ","3829":" ","3830":" ","3831":" ","3832":" ","3833":" ","3834":" ","3835":" ","3836":" ","3837":" ","3838":" ","3839":"t","3840":"y","3841":"p","3842":"e","3843":"=","3844":"\\","3845":"\"","3846":"e","3847":"m","3848":"a","3849":"i","3850":"l","3851":"\\","3852":"\"","3853":" ","3854":"\\","3855":"r","3856":"\\","3857":"n","3858":" ","3859":" ","3860":" ","3861":" ","3862":" ","3863":" ","3864":" ","3865":" ","3866":" ","3867":" ","3868":" ","3869":" ","3870":" ","3871":" ","3872":" ","3873":" ","3874":"c","3875":"l","3876":"a","3877":"s","3878":"s","3879":"=","3880":"\\","3881":"\"","3882":"f","3883":"o","3884":"r","3885":"m","3886":"-","3887":"c","3888":"o","3889":"n","3890":"t","3891":"r","3892":"o","3893":"l","3894":"\\","3895":"\"","3896":" ","3897":"\\","3898":"r","3899":"\\","3900":"n","3901":" ","3902":" ","3903":" ","3904":" ","3905":" ","3906":" ","3907":" ","3908":" ","3909":" ","3910":" ","3911":" ","3912":" ","3913":" ","3914":" ","3915":" ","3916":" ","3917":"v","3918":"-","3919":"m","3920":"o","3921":"d","3922":"e","3923":"l","3924":"=","3925":"\\","3926":"\"","3927":"e","3928":"m","3929":"a","3930":"i","3931":"l","3932":"\\","3933":"\"","3934":"\\","3935":"r","3936":"\\","3937":"n","3938":" ","3939":" ","3940":" ","3941":" ","3942":" ","3943":" ","3944":" ","3945":" ","3946":" ","3947":" ","3948":" ","3949":" ","3950":" ","3951":" ","3952":" ","3953":" ","3954":"r","3955":"u","3956":"l","3957":"e","3958":"s","3959":"=","3960":"\\","3961":"\"","3962":"r","3963":"e","3964":"q","3965":"u","3966":"i","3967":"r","3968":"e","3969":"d","3970":"|","3971":"e","3972":"m","3973":"a","3974":"i","3975":"l","3976":"|","3977":"e","3978":"m","3979":"a","3980":"i","3981":"l","3982":"F","3983":"o","3984":"r","3985":"m","3986":"a","3987":"t","3988":"\\","3989":"\"","3990":"\\","3991":"r","3992":"\\","3993":"n","3994":" ","3995":" ","3996":" ","3997":" ","3998":" ","3999":" ","4000":" ","4001":" ","4002":" ","4003":" ","4004":" ","4005":" ","4006":" ","4007":" ","4008":"/","4009":">","4010":"\\","4011":"r","4012":"\\","4013":"n","4014":" ","4015":" ","4016":" ","4017":" ","4018":" ","4019":" ","4020":" ","4021":" ","4022":" ","4023":" ","4024":" ","4025":" ","4026":" ","4027":" ","4028":"<","4029":"E","4030":"r","4031":"r","4032":"o","4033":"r","4034":"M","4035":"e","4036":"s","4037":"s","4038":"a","4039":"g","4040":"e","4041":" ","4042":"n","4043":"a","4044":"m","4045":"e","4046":"=","4047":"\\","4048":"\"","4049":"e","4050":"m","4051":"a","4052":"i","4053":"l","4054":"\\","4055":"\"","4056":" ","4057":"c","4058":"l","4059":"a","4060":"s","4061":"s","4062":"=","4063":"\\","4064":"\"","4065":"t","4066":"e","4067":"x","4068":"t","4069":"-","4070":"d","4071":"a","4072":"n","4073":"g","4074":"e","4075":"r","4076":"\\","4077":"\"","4078":"/","4079":">","4080":"\\","4081":"r","4082":"\\","4083":"n","4084":" ","4085":" ","4086":" ","4087":" ","4088":" ","4089":" ","4090":" ","4091":" ","4092":" ","4093":" ","4094":" ","4095":" ","4096":"<","4097":"/","4098":"d","4099":"i","4100":"v","4101":">","4102":"\\","4103":"r","4104":"\\","4105":"n","4106":" ","4107":" ","4108":" ","4109":" ","4110":" ","4111":" ","4112":" ","4113":" ","4114":" ","4115":" ","4116":" ","4117":" ","4118":"<","4119":"d","4120":"i","4121":"v","4122":" ","4123":"c","4124":"l","4125":"a","4126":"s","4127":"s","4128":"=","4129":"\\","4130":"\"","4131":"m","4132":"b","4133":"-","4134":"3","4135":"\\","4136":"\"","4137":">","4138":"\\","4139":"r","4140":"\\","4141":"n","4142":" ","4143":" ","4144":" ","4145":" ","4146":" ","4147":" ","4148":" ","4149":" ","4150":" ","4151":" ","4152":" ","4153":" ","4154":" ","4155":" ","4156":"<","4157":"l","4158":"a","4159":"b","4160":"e","4161":"l","4162":" ","4163":"f","4164":"o","4165":"r","4166":"=","4167":"\\","4168":"\"","4169":"p","4170":"a","4171":"s","4172":"s","4173":"w","4174":"o","4175":"r","4176":"d","4177":"\\","4178":"\"","4179":" ","4180":"c","4181":"l","4182":"a","4183":"s","4184":"s","4185":"=","4186":"\\","4187":"\"","4188":"f","4189":"o","4190":"r","4191":"m","4192":"-","4193":"l","4194":"a","4195":"b","4196":"e","4197":"l","4198":"\\","4199":"\"","4200":">","4201":"M","4202":"o","4203":"t","4204":" ","4205":"d","4206":"e","4207":" ","4208":"p","4209":"a","4210":"s","4211":"s","4212":"e","4213":"<","4214":"/","4215":"l","4216":"a","4217":"b","4218":"e","4219":"l","4220":">","4221":"\\","4222":"r","4223":"\\","4224":"n","4225":" ","4226":" ","4227":" ","4228":" ","4229":" ","4230":" ","4231":" ","4232":" ","4233":" ","4234":" ","4235":" ","4236":" ","4237":" ","4238":" ","4239":"<","4240":"F","4241":"i","4242":"e","4243":"l","4244":"d","4245":" ","4246":"\\","4247":"r","4248":"\\","4249":"n","4250":" ","4251":" ","4252":" ","4253":" ","4254":" ","4255":" ","4256":" ","4257":" ","4258":" ","4259":" ","4260":" ","4261":" ","4262":" ","4263":" ","4264":" ","4265":" ","4266":"i","4267":"d","4268":"=","4269":"\\","4270":"\"","4271":"p","4272":"a","4273":"s","4274":"s","4275":"w","4276":"o","4277":"r","4278":"d","4279":"\\","4280":"\"","4281":" ","4282":"\\","4283":"r","4284":"\\","4285":"n","4286":" ","4287":" ","4288":" ","4289":" ","4290":" ","4291":" ","4292":" ","4293":" ","4294":" ","4295":" ","4296":" ","4297":" ","4298":" ","4299":" ","4300":" ","4301":" ","4302":"n","4303":"a","4304":"m","4305":"e","4306":"=","4307":"\\","4308":"\"","4309":"p","4310":"a","4311":"s","4312":"s","4313":"w","4314":"o","4315":"r","4316":"d","4317":"\\","4318":"\"","4319":" ","4320":"\\","4321":"r","4322":"\\","4323":"n","4324":" ","4325":" ","4326":" ","4327":" ","4328":" ","4329":" ","4330":" ","4331":" ","4332":" ","4333":" ","4334":" ","4335":" ","4336":" ","4337":" ","4338":" ","4339":" ","4340":"t","4341":"y","4342":"p","4343":"e","4344":"=","4345":"\\","4346":"\"","4347":"p","4348":"a","4349":"s","4350":"s","4351":"w","4352":"o","4353":"r","4354":"d","4355":"\\","4356":"\"","4357":" ","4358":"\\","4359":"r","4360":"\\","4361":"n","4362":" ","4363":" ","4364":" ","4365":" ","4366":" ","4367":" ","4368":" ","4369":" ","4370":" ","4371":" ","4372":" ","4373":" ","4374":" ","4375":" ","4376":" ","4377":" ","4378":"c","4379":"l","4380":"a","4381":"s","4382":"s","4383":"=","4384":"\\","4385":"\"","4386":"f","4387":"o","4388":"r","4389":"m","4390":"-","4391":"c","4392":"o","4393":"n","4394":"t","4395":"r","4396":"o","4397":"l","4398":"\\","4399":"\"","4400":" ","4401":"\\","4402":"r","4403":"\\","4404":"n","4405":" ","4406":" ","4407":" ","4408":" ","4409":" ","4410":" ","4411":" ","4412":" ","4413":" ","4414":" ","4415":" ","4416":" ","4417":" ","4418":" ","4419":" ","4420":" ","4421":"v","4422":"-","4423":"m","4424":"o","4425":"d","4426":"e","4427":"l","4428":"=","4429":"\\","4430":"\"","4431":"p","4432":"a","4433":"s","4434":"s","4435":"w","4436":"o","4437":"r","4438":"d","4439":"\\","4440":"\"","4441":"\\","4442":"r","4443":"\\","4444":"n","4445":" ","4446":" ","4447":" ","4448":" ","4449":" ","4450":" ","4451":" ","4452":" ","4453":" ","4454":" ","4455":" ","4456":" ","4457":" ","4458":" ","4459":" ","4460":" ","4461":"r","4462":"u","4463":"l","4464":"e","4465":"s","4466":"=","4467":"\\","4468":"\"","4469":"r","4470":"e","4471":"q","4472":"u","4473":"i","4474":"r","4475":"e","4476":"d","4477":"|","4478":"m","4479":"i","4480":"n","4481":":","4482":"8","4483":"|","4484":"p","4485":"a","4486":"s","4487":"s","4488":"w","4489":"o","4490":"r","4491":"d","4492":"U","4493":"p","4494":"p","4495":"e","4496":"r","4497":"c","4498":"a","4499":"s","4500":"e","4501":"|","4502":"p","4503":"a","4504":"s","4505":"s","4506":"w","4507":"o","4508":"r","4509":"d","4510":"L","4511":"o","4512":"w","4513":"e","4514":"r","4515":"c","4516":"a","4517":"s","4518":"e","4519":"|","4520":"p","4521":"a","4522":"s","4523":"s","4524":"w","4525":"o","4526":"r","4527":"d","4528":"N","4529":"u","4530":"m","4531":"b","4532":"e","4533":"r","4534":"|","4535":"p","4536":"a","4537":"s","4538":"s","4539":"w","4540":"o","4541":"r","4542":"d","4543":"S","4544":"p","4545":"e","4546":"c","4547":"i","4548":"a","4549":"l","4550":"|","4551":"n","4552":"o","4553":"S","4554":"p","4555":"a","4556":"c","4557":"e","4558":"s","4559":"\\","4560":"\"","4561":"\\","4562":"r","4563":"\\","4564":"n","4565":" ","4566":" ","4567":" ","4568":" ","4569":" ","4570":" ","4571":" ","4572":" ","4573":" ","4574":" ","4575":" ","4576":" ","4577":" ","4578":" ","4579":"/","4580":">","4581":"\\","4582":"r","4583":"\\","4584":"n","4585":" ","4586":" ","4587":" ","4588":" ","4589":" ","4590":" ","4591":" ","4592":" ","4593":" ","4594":" ","4595":" ","4596":" ","4597":" ","4598":" ","4599":"<","4600":"E","4601":"r","4602":"r","4603":"o","4604":"r","4605":"M","4606":"e","4607":"s","4608":"s","4609":"a","4610":"g","4611":"e","4612":" ","4613":"n","4614":"a","4615":"m","4616":"e","4617":"=","4618":"\\","4619":"\"","4620":"p","4621":"a","4622":"s","4623":"s","4624":"w","4625":"o","4626":"r","4627":"d","4628":"\\","4629":"\"","4630":" ","4631":"c","4632":"l","4633":"a","4634":"s","4635":"s","4636":"=","4637":"\\","4638":"\"","4639":"t","4640":"e","4641":"x","4642":"t","4643":"-","4644":"d","4645":"a","4646":"n","4647":"g","4648":"e","4649":"r","4650":"\\","4651":"\"","4652":"/","4653":">","4654":"\\","4655":"r","4656":"\\","4657":"n","4658":" ","4659":" ","4660":" ","4661":" ","4662":" ","4663":" ","4664":" ","4665":" ","4666":" ","4667":" ","4668":" ","4669":" ","4670":"<","4671":"/","4672":"d","4673":"i","4674":"v","4675":">","4676":"\\","4677":"r","4678":"\\","4679":"n","4680":" ","4681":" ","4682":" ","4683":" ","4684":" ","4685":" ","4686":" ","4687":" ","4688":" ","4689":" ","4690":" ","4691":" ","4692":"<","4693":"d","4694":"i","4695":"v","4696":" ","4697":"c","4698":"l","4699":"a","4700":"s","4701":"s","4702":"=","4703":"\\","4704":"\"","4705":"m","4706":"b","4707":"-","4708":"3","4709":"\\","4710":"\"","4711":">","4712":"\\","4713":"r","4714":"\\","4715":"n","4716":" ","4717":" ","4718":" ","4719":" ","4720":" ","4721":" ","4722":" ","4723":" ","4724":" ","4725":" ","4726":" ","4727":" ","4728":" ","4729":" ","4730":"<","4731":"l","4732":"a","4733":"b","4734":"e","4735":"l","4736":" ","4737":"f","4738":"o","4739":"r","4740":"=","4741":"\\","4742":"\"","4743":"c","4744":"o","4745":"n","4746":"f","4747":"i","4748":"r","4749":"m","4750":"P","4751":"a","4752":"s","4753":"s","4754":"w","4755":"o","4756":"r","4757":"d","4758":"\\","4759":"\"","4760":" ","4761":"c","4762":"l","4763":"a","4764":"s","4765":"s","4766":"=","4767":"\\","4768":"\"","4769":"f","4770":"o","4771":"r","4772":"m","4773":"-","4774":"l","4775":"a","4776":"b","4777":"e","4778":"l","4779":"\\","4780":"\"","4781":">","4782":"R","4783":"é","4784":"p","4785":"é","4786":"t","4787":"e","4788":"r","4789":" ","4790":"l","4791":"e","4792":" ","4793":"m","4794":"o","4795":"t","4796":" ","4797":"d","4798":"e","4799":" ","4800":"p","4801":"a","4802":"s","4803":"s","4804":"e","4805":"<","4806":"/","4807":"l","4808":"a","4809":"b","4810":"e","4811":"l","4812":">","4813":"\\","4814":"r","4815":"\\","4816":"n","4817":" ","4818":" ","4819":" ","4820":" ","4821":" ","4822":" ","4823":" ","4824":" ","4825":" ","4826":" ","4827":" ","4828":" ","4829":" ","4830":" ","4831":"<","4832":"F","4833":"i","4834":"e","4835":"l","4836":"d","4837":" ","4838":"\\","4839":"r","4840":"\\","4841":"n","4842":" ","4843":" ","4844":" ","4845":" ","4846":" ","4847":" ","4848":" ","4849":" ","4850":" ","4851":" ","4852":" ","4853":" ","4854":" ","4855":" ","4856":" ","4857":" ","4858":"i","4859":"d","4860":"=","4861":"\\","4862":"\"","4863":"c","4864":"o","4865":"n","4866":"f","4867":"i","4868":"r","4869":"m","4870":"P","4871":"a","4872":"s","4873":"s","4874":"w","4875":"o","4876":"r","4877":"d","4878":"\\","4879":"\"","4880":" ","4881":"\\","4882":"r","4883":"\\","4884":"n","4885":" ","4886":" ","4887":" ","4888":" ","4889":" ","4890":" ","4891":" ","4892":" ","4893":" ","4894":" ","4895":" ","4896":" ","4897":" ","4898":" ","4899":" ","4900":" ","4901":"n","4902":"a","4903":"m","4904":"e","4905":"=","4906":"\\","4907":"\"","4908":"c","4909":"o","4910":"n","4911":"f","4912":"i","4913":"r","4914":"m","4915":"P","4916":"a","4917":"s","4918":"s","4919":"w","4920":"o","4921":"r","4922":"d","4923":"\\","4924":"\"","4925":" ","4926":"\\","4927":"r","4928":"\\","4929":"n","4930":" ","4931":" ","4932":" ","4933":" ","4934":" ","4935":" ","4936":" ","4937":" ","4938":" ","4939":" ","4940":" ","4941":" ","4942":" ","4943":" ","4944":" ","4945":" ","4946":"t","4947":"y","4948":"p","4949":"e","4950":"=","4951":"\\","4952":"\"","4953":"p","4954":"a","4955":"s","4956":"s","4957":"w","4958":"o","4959":"r","4960":"d","4961":"\\","4962":"\"","4963":" ","4964":"\\","4965":"r","4966":"\\","4967":"n","4968":" ","4969":" ","4970":" ","4971":" ","4972":" ","4973":" ","4974":" ","4975":" ","4976":" ","4977":" ","4978":" ","4979":" ","4980":" ","4981":" ","4982":" ","4983":" ","4984":"c","4985":"l","4986":"a","4987":"s","4988":"s","4989":"=","4990":"\\","4991":"\"","4992":"f","4993":"o","4994":"r","4995":"m","4996":"-","4997":"c","4998":"o","4999":"n","5000":"t","5001":"r","5002":"o","5003":"l","5004":"\\","5005":"\"","5006":" ","5007":"\\","5008":"r","5009":"\\","5010":"n","5011":" ","5012":" ","5013":" ","5014":" ","5015":" ","5016":" ","5017":" ","5018":" ","5019":" ","5020":" ","5021":" ","5022":" ","5023":" ","5024":" ","5025":" ","5026":" ","5027":"v","5028":"-","5029":"m","5030":"o","5031":"d","5032":"e","5033":"l","5034":"=","5035":"\\","5036":"\"","5037":"c","5038":"o","5039":"n","5040":"f","5041":"i","5042":"r","5043":"m","5044":"P","5045":"a","5046":"s","5047":"s","5048":"w","5049":"o","5050":"r","5051":"d","5052":"\\","5053":"\"","5054":"\\","5055":"r","5056":"\\","5057":"n","5058":" ","5059":" ","5060":" ","5061":" ","5062":" ","5063":" ","5064":" ","5065":" ","5066":" ","5067":" ","5068":" ","5069":" ","5070":" ","5071":" ","5072":" ","5073":" ","5074":"r","5075":"u","5076":"l","5077":"e","5078":"s","5079":"=","5080":"\\","5081":"\"","5082":"r","5083":"e","5084":"q","5085":"u","5086":"i","5087":"r","5088":"e","5089":"d","5090":"|","5091"
[...]
7663":"l","7664":"'","7665":",","7666":" ","7667":"(","7668":"v","7669":"a","7670":"l","7671":"u","7672":"e","7673":")","7674":" ","7675":"=","7676":">","7677":" ","7678":"{","7679":"\\","7680":"r","7681":"\\","7682":"n","7683":" ","7684":" ","7685":"r","7686":"e","7687":"t","7688":"u","7689":"r","7690":"n","7691":" ","7692":"/","7693":"[","7694":"!","7695":"@","7696":"#","7697":"$","7698":"%","7699":"^","7700":"&","7701":"*","7702":"(","7703":")","7704":",","7705":".","7706":"?","7707":"\\","7708":"\"","7709":":","7710":"{","7711":"}","7712":"|","7713":"<","7714":">","7715":"]","7716":"/","7717":".","7718":"t","7719":"e","7720":"s","7721":"t","7722":"(","7723":"v","7724":"a","7725":"l","7726":"u","7727":"e","7728":")","7729":" ","7730":"|","7731":"|","7732":" ","7733":"'","7734":"L","7735":"e","7736":" ","7737":"m","7738":"o","7739":"t","7740":" ","7741":"d","7742":"e","7743":" ","7744":"p","7745":"a","7746":"s","7747":"s","7748":"e","7749":" ","7750":"d","7751":"o","7752":"i","7753":"t","7754":" ","7755":"c","7756":"o","7757":"n","7758":"t","7759":"e","7760":"n","7761":"i","7762":"r","7763":" ","7764":"a","7765":"u","7766":" ","7767":"m","7768":"o","7769":"i","7770":"n","7771":"s","7772":" ","7773":"u","7774":"n","7775":" ","7776":"c","7777":"a","7778":"r","7779":"a","7780":"c","7781":"t","7782":"è","7783":"r","7784":"e","7785":" ","7786":"s","7787":"p","7788":"é","7789":"c","7790":"i","7791":"a","7792":"l","7793":"'","7794":";","7795":"\\","7796":"r","7797":"\\","7798":"n","7799":"}","7800":")","7801":";","7802":"\\","7803":"r","7804":"\\","7805":"n","7806":"d","7807":"e","7808":"f","7809":"i","7810":"n","7811":"e","7812":"R","7813":"u","7814":"l","7815":"e","7816":"(","7817":"'","7818":"n","7819":"o","7820":"S","7821":"p","7822":"a","7823":"c","7824":"e","7825":"s","7826":"'","7827":",","7828":" ","7829":"(","7830":"v","7831":"a","7832":"l","7833":"u","7834":"e","7835":")","7836":" ","7837":"=","7838":">","7839":" ","7840":"{","7841":"\\","7842":"r","7843":"\\","7844":"n","7845":" ","7846":" ","7847":"r","7848":"e","7849":"t","7850":"u","7851":"r","7852":"n","7853":" ","7854":"!","7855":"/","7856":"\\","7857":"\\","7858":"s","7859":"/","7860":".","7861":"t","7862":"e","7863":"s","7864":"t","7865":"(","7866":"v","7867":"a","7868":"l","7869":"u","7870":"e","7871":")","7872":" ","7873":"|","7874":"|","7875":" ","7876":"\\","7877":"\"","7878":"L","7879":"e","7880":" ","7881":"m","7882":"o","7883":"t","7884":" ","7885":"d","7886":"e","7887":" ","7888":"p","7889":"a","7890":"s","7891":"s","7892":"e","7893":" ","7894":"n","7895":"e","7896":" ","7897":"d","7898":"o","7899":"i","7900":"t","7901":" ","7902":"p","7903":"a","7904":"s","7905":" ","7906":"c","7907":"o","7908":"n","7909":"t","7910":"e","7911":"n","7912":"i","7913":"r","7914":" ","7915":"d","7916":"'","7917":"e","7918":"s","7919":"p","7920":"a","7921":"c","7922":"e","7923":"s","7924":"\\","7925":"\"","7926":";","7927":"\\","7928":"r","7929":"\\","7930":"n","7931":"}","7932":")","7933":";","7934":"\\","7935":"r","7936":"\\","7937":"n","7938":"\\","7939":"r","7940":"\\","7941":"n","7942":"e","7943":"x","7944":"p","7945":"o","7946":"r","7947":"t","7948":" ","7949":"d","7950":"e","7951":"f","7952":"a","7953":"u","7954":"l","7955":"t","7956":" ","7957":"{","7958":"\\","7959":"r","7960":"\\","7961":"n","7962":" ","7963":" ","7964":"c","7965":"o","7966":"m","7967":"p","7968":"o","7969":"n","7970":"e","7971":"n","7972":"t","7973":"s","7974":":","7975":" ","7976":"{","7977":"\\","7978":"r","7979":"\\","7980":"n","7981":" ","7982":" ","7983":" ","7984":" ","7985":"F","7986":"o","7987":"r","7988":"m","7989":",","7990":"\\","7991":"r","7992":"\\","7993":"n","7994":" ","7995":" ","7996":" ","7997":" ","7998":"F","7999":"i","8000":"e","8001":"l","8002":"d","8003":",","8004":"\\","8005":"r","8006":"\\","8007":"n","8008":" ","8009":" ","8010":" ","8011":" ","8012":"E","8013":"r","8014":"r","8015":"o","8016":"r","8017":"M","8018":"e","8019":"s","8020":"s","8021":"a","8022":"g","8023":"e","8024":",","8025":"\\","8026":"r","8027":"\\","8028":"n","8029":" ","8030":" ","8031":"}","8032":",","8033":"\\","8034":"r","8035":"\\","8036":"n","8037":" ","8038":" ","8039":"d","8040":"a","8041":"t","8042":"a","8043":"(","8044":")","8045":" ","8046":"{","8047":"\\","8048":"r","8049":"\\","8050":"n","8051":" ","8052":" ","8053":" ","8054":" ","8055":"r","8056":"e","8057":"t","8058":"u","8059":"r","8060":"n","8061":" ","8062":"{","8063":"\\","8064":"r","8065":"\\","8066":"n","8067":" ","8068":" ","8069":" ","8070":" ","8071":" ","8072":" ","8073":"u","8074":"s","8075":"e","8076":"r","8077":"n","8078":"a","8079":"m","8080":"e","8081":":","8082":" ","8083":"'","8084":"'","8085":",","8086":"\\","8087":"r","8088":"\\","8089":"n","8090":" ","8091":" ","8092":" ","8093":" ","8094":" ","8095":" ","8096":"e","8097":"m","8098":"a","8099":"i","8100":"l","8101":":","8102":" ","8103":"'","8104":"'","8105":",","8106":"\\","8107":"r","8108":"\\","8109":"n","8110":" ","8111":" ","8112":" ","8113":" ","8114":" ","8115":" ","8116":"p","8117":"a","8118":"s","8119":"s","8120":"w","8121":"o","8122":"r","8123":"d","8124":":","8125":" ","8126":"'","8127":"'","8128":",","8129":"\\","8130":"r","8131":"\\","8132":"n","8133":" ","8134":" ","8135":" ","8136":" ","8137":" ","8138":" ","8139":"c","8140":"o","8141":"n","8142":"f","8143":"i","8144":"r","8145":"m","8146":"P","8147":"a","8148":"s","8149":"s","8150":"w","8151":"o","8152":"r","8153":"d","8154":":","8155":" ","8156":"'","8157":"'","8158":",","8159":"\\","8160":"r","8161":"\\","8162":"n","8163":" ","8164":" ","8165":" ","8166":" ","8167":" ","8168":" ","8169":"t","8170":"e","8171":"r","8172":"m","8173":"s","8174":"A","8175":"c","8176":"c","8177":"e","8178":"p","8179":"t","8180":"e","8181":"d","8182":":","8183":" ","8184":"f","8185":"a","8186":"l","8187":"s","8188":"e","8189":",","8190":"\\","8191":"r","8192":"\\","8193":"n","8194":" ","8195":" ","8196":" ","8197":" ","8198":" ","8199":" ","8200":"f","8201":"o","8202":"r","8203":"m","8204":"S","8205":"u","8206":"b","8207":"m","8208":"i","8209":"t","8210":"t","8211":"e","8212":"d","8213":":","8214":" ","8215":"f","8216":"a","8217":"l","8218":"s","8219":"e","8220":",","8221":"\\","8222":"r","8223":"\\","8224":"n","8225":" ","8226":" ","8227":" ","8228":" ","8229":" ","8230":" ","8231":"e","8232":"r","8233":"r","8234":"o","8235":"r","8236":"M","8237":"e","8238":"s","8239":"s","8240":"a","8241":"g","8242":"e","8243":":","8244":" ","8245":"'","8246":"'","8247":",","8248":"\\","8249":"r","8250":"\\","8251":"n","8252":" ","8253":" ","8254":" ","8255":" ","8256":" ","8257":" ","8258":"s","8259":"u","8260":"c","8261":"c","8262":"e","8263":"s","8264":"s","8265":"M","8266":"e","8267":"s","8268":"s","8269":"a","8270":"g","8271":"e","8272":":","8273":" ","8274":"'","8275":"'","8276":",","8277":"\\","8278":"r","8279":"\\","8280":"n","8281":" ","8282":" ","8283":" ","8284":" ","8285":"}","8286":";","8287":"\\","8288":"r","8289":"\\","8290":"n","8291":" ","8292":" ","8293":"}","8294":",","8295":"\\","8296":"r","8297":"\\","8298":"n","8299":" ","8300":" ","8301":"m","8302":"e","8303":"t","8304":"h","8305":"o","8306":"d","8307":"s","8308":":","8309":" ","8310":"{","8311":"\\","8312":"r","8313":"\\","8314":"n","8315":" ","8316":" ","8317":" ","8318":" ","8319":"a","8320":"s","8321":"y","8322":"n","8323":"c","8324":" ","8325":"h","8326":"a","8327":"n","8328":"d","8329":"l","8330":"e","8331":"S","8332":"u","8333":"b","8334":"m","8335":"i","8336":"t","8337":"(","8338":")","8339":" ","8340":"{","8341":"\\","8342":"r","8343":"\\","8344":"n","8345":" ","8346":" ","8347":" ","8348":" ","8349":" ","8350":" ","8351":"t","8352":"h","8353":"i","8354":"s","8355":".","8356":"f","8357":"o","8358":"r","8359":"m","8360":"S","8361":"u","8362":"b","8363":"m","8364":"i","8365":"t","8366":"t","8367":"e","8368":"d","8369":" ","8370":"=","8371":" ","8372":"t","8373":"r","8374":"u","8375":"e","8376":";","8377":"\\","8378":"r","8379":"\\","8380":"n","8381":" ","8382":" ","8383":" ","8384":" ","8385":" ","8386":" ","8387":"i","8388":"f","8389":" ","8390":"(","8391":"!","8392":"t","8393":"h","8394":"i","8395":"s","8396":".","8397":"t","8398":"e","8399":"r","8400":"m","8401":"s","8402":"A","8403":"c","8404":"c","8405":"e","8406":"p","8407":"t","8408":"e","8409":"d","8410":")","8411":" ","8412":"{","8413":"\\","8414":"r","8415":"\\","8416":"n","8417":" ","8418":" ","8419":" ","8420":" ","8421":" ","8422":" ","8423":" ","8424":" ","8425":"t","8426":"h","8427":"i","8428":"s","8429":".","8430":"e","8431":"r","8432":"r","8433":"o","8434":"r","8435":"M","8436":"e","8437":"s","8438":"s","8439":"a","8440":"g","8441":"e","8442":" ","8443":"=","8444":" ","8445":"'","8446":"V","8447":"o","8448":"u","8449":"s","8450":" ","8451":"d","8452":"e","8453":"v","8454":"e","8455":"z","8456":" ","8457":"a","8458":"c","8459":"c","8460":"e","8461":"p","8462":"t","8463":"e","8464":"r","8465":" ","8466":"l","8467":"e","8468":"s","8469":" ","8470":"c","8471":"o","8472":"n","8473":"d","8474":"i","8475":"t","8476":"i","8477":"o","8478":"n","8479":"s","8480":" ","8481":"d","8482":"\\","8483":"\\","8484":"'","8485":"u","8486":"t","8487":"i","8488":"l","8489":"i","8490":"s","8491":"a","8492":"t","8493":"i","8494":"o","8495":"n","8496":"'","8497":";","8498":"\\","8499":"r","8500":"\\","8501":"n","8502":" ","8503":" ","8504":" ","8505":" ","8506":" ","8507":" ","8508":" ","8509":" ","8510":"r","8511":"e","8512":"t","8513":"u","8514":"r","8515":"n","8516":";","8517":"\\","8518":"r","8519":"\\","8520":"n","8521":" ","8522":" ","8523":" ","8524":" ","8525":" ","8526":" ","8527":"}","8528":"\\","8529":"r","8530":"\\","8531":"n","8532":" ","8533":" ","8534":" ","8535":" ","8536":" ","8537":" ","8538":"t","8539":"h","8540":"i","8541":"s","8542":".","8543":"e","8544":"r","8545":"r","8546":"o","8547":"r","8548":"M","8549":"e","8550":"s","8551":"s","8552":"a","8553":"g","8554":"e","8555":" ","8556":"=","8557":" ","8558":"'","8559":"'","8560":";","8561":"\\","8562":"r","8563":"\\","8564":"n","8565":" ","8566":" ","8567":" ","8568":" ","8569":" ","8570":" ","8571":"a","8572":"w","8573":"a","8574":"i","8575":"t","8576":" ","8577":"t","8578":"h","8579":"i","8580":"s","8581":".","8582":"h","8583":"a","8584":"n","8585":"d","8586":"l","8587":"e","8588":"S","8589":"i","8590":"g","8591":"n","8592":"u","8593":"p","8594":"(","8595":")","8596":";","8597":"\\","8598":"r","8599":"\\","8600":"n","8601":" ","8602":" ","8603":" ","8604":" ","8605":"}","8606":",","8607":"\\","8608":"r","8609":"\\","8610":"n","8611":" ","8612":" ","8613":" ","8614":" ","8615":"a","8616":"s","8617":"y","8618":"n","8619":"c","8620":" ","8621":"h","8622":"a","8623":"n","8624":"d","8625":"l","8626":"e","8627":"S","8628":"i","8629":"g","8630":"n","8631":"u","8632":"p","8633":"(","8634":")","8635":" ","8636":"{","8637":"\\","8638":"r","8639":"\\","8640":"n","8641":" ","8642":" ","8643":" ","8644":" ","8645":" ","8646":" ","8647":"t","8648":"r","8649":"y","8650":" ","8651":"{","8652":"\\","8653":"r","8654":"\\","8655":"n","8656":" ","8657":" ","8658":" ","8659":" ","8660":" ","8661":" ","8662":" ","8663":" ","8664":"a","8665":"w","8666":"a","8667":"i","8668":"t","8669":" ","8670":"a","8671":"x","8672":"i","8673":"o","8674":"s","8675":".","8676":"p","8677":"o","8678":"s","8679":"t","8680":"(","8681":"`","8682":"$","8683":"{","8684":"p","8685":"r","8686":"o","8687":"c","8688":"e","8689":"s","8690":"s","8691":".","8692":"e","8693":"n","8694":"v","8695":".","8696":"V","8697":"U","8698":"E","8699":"_","8700":"A","8701":"P","8702":"P","8703":"_","8704":"U","8705":"R","8706":"L","8707":"_","8708":"B","8709":"A","8710":"C","8711":"K","8712":"E","8713":"N","8714":"D","8715":"}","8716":"/","8717":"s","8718":"i","8719":"g","8720":"n","8721":"u","8722":"p","8723":"`","8724":",","8725":" ","8726":"{","8727":"\\","8728":"r","8729":"\\","8730":"n","8731":" ","8732":" ","8733":" ","8734":" ","8735":" ","8736":" ","8737":" ","8738":" ","8739":" ","8740":" ","8741":"u","8742":"s","8743":"e","8744":"r","8745":"n","8746":"a","8747":"m","8748":"e","8749":":","8750":" ","8751":"t","8752":"h","8753":"i","8754":"s","8755":".","8756":"u","8757":"s","8758":"e","8759":"r","8760":"n","8761":"a","8762":"m","8763":"e","8764":",","8765":"\\","8766":"r","8767":"\\","8768":"n","8769":" ","8770":" ","8771":" ","8772":" ","8773":" ","8774":" ","8775":" ","8776":" ","8777":" ","8778":" ","8779":"e","8780":"m","8781":"a","8782":"i","8783":"l","8784":":","8785":" ","8786":"t","8787":"h","8788":"i","8789":"s","8790":".","8791":"e","8792":"m","8793":"a","8794":"i","8795":"l","8796":",","8797":"\\","8798":"r","8799":"\\","8800":"n","8801":" ","8802":" ","8803":" ","8804":" ","8805":" ","8806":" ","8807":" ","8808":" ","8809":" ","8810":" ","8811":"p","8812":"a","8813":"s","8814":"s","8815":"w","8816":"o","8817":"r","8818":"d","8819":":","8820":" ","8821":"t","8822":"h","8823":"i","8824":"s","8825":".","8826":"p","8827":"a","8828":"s","8829":"s","8830":"w","8831":"o","8832":"r","8833":"d","8834":"\\","8835":"r","8836":"\\","8837":"n","8838":" ","8839":" ","8840":" ","8841":" ","8842":" ","8843":" ","8844":" ","8845":" ","8846":"}","8847":",","8848":" ","8849":"{","8850":"\\","8851":"r","8852":"\\","8853":"n","8854":" ","8855":" ","8856":" ","8857":" ","8858":" ","8859":" ","8860":" ","8861":" ","8862":" ","8863":" ","8864":"w","8865":"i","8866":"t","8867":"h","8868":"C","8869":"r","8870":"e","8871":"d","8872":"e","8873":"n","8874":"t","8875":"i","8876":"a","8877":"l","8878":"s","8879":":","8880":" ","8881":"t","8882":"r","8883":"u","8884":"e","8885":"\\","8886":"r","8887":"\\","8888":"n","8889":" ","8890":" ","8891":" ","8892":" ","8893":" ","8894":" ","8895":" ","8896":" ","8897":"}","8898":")","8899":";","8900":"\\","8901":"r","8902":"\\","8903":"n","8904":" ","8905":" ","8906":" ","8907":" ","8908":" ","8909":" ","8910":" ","8911":" ","8912":"t","8913":"h","8914":"i","8915":"s","8916":".","8917":"s","8918":"u","8919":"c","8920":"c","8921":"e","8922":"s","8923":"s","8924":"M","8925":"e","8926":"s","8927":"s","8928":"a","8929":"g","8930":"e","8931":" ","8932":"=","8933":" ","8934":"'","8935":"I","8936":"n","8937":"s","8938":"c","8939":"r","8940":"i","8941":"p","8942":"t","8943":"i","8944":"o","8945":"n","8946":" ","8947":"r","8948":"é","8949":"u","8950":"s","8951":"s","8952":"i","8953":"e","8954":" ","8955":"!","8956":" ","8957":"R","8958":"e","8959":"d","8960":"i","8961":"r","8962":"e","8963":"c","8964":"t","8965":"i","8966":"o","8967":"n","8968":" ","8969":"v","8970":"e","8971":"r","8972":"s","8973":" ","8974":"l","8975":"a","8976":" ","8977":"p","8978":"a","8979":"g","8980":"e","8981":" ","8982":"d","8983":"e","8984":" ","8985":"c","8986":"o","8987":"n","8988":"n","8989":"e","8990":"x","8991":"i","8992":"o","8993":"n","8994":".","8995":".","8996":".","8997":"'","8998":";","8999":"\\","9000":"r","9001":"\\","9002":"n","9003":" ","9004":" ","9005":" ","9006":" ","9007":" ","9008":" ","9009":" ","9010":" ","9011":"s","9012":"e","9013":"t","9014":"T","9015":"i","9016":"m","9017":"e","9018":"o","9019":"u","9020":"t","9021":"(","9022":"(","9023":")","9024":" ","9025":"=","9026":">","9027":" ","9028":"{","9029":"\\","9030":"r","9031":"\\","9032":"n","9033":" ","9034":" ","9035":" ","9036":" ","9037":" ","9038":" ","9039":" ","9040":" ","9041":" ","9042":" ","9043":"t","9044":"h","9045":"i","9046":"s","9047":".","9048":"$","9049":"r","9050":"o","9051":"u","9052":"t","9053":"e","9054":"r","9055":".","9056":"p","9057":"u","9058":"s","9059":"h","9060":"(","9061":"'","9062":"/","9063":"'","9064":")","9065":";","9066":"\\","9067":"r","9068":"\\","9069":"n","9070":" ","9071":" ","9072":" ","9073":" ","9074":" ","9075":" ","9076":" ","9077":" ","9078":"}","9079":",","9080":" ","9081":"1","9082":"5","9083":"0","9084":"0","9085":")","9086":";","9087":"\\","9088":"r","9089":"\\","9090":"n","9091":" ","9092":" ","9093":" ","9094":" ","9095":" ","9096":" ","9097":"}","9098":" ","9099":"c","9100":"a","9101":"t","9102":"c","9103":"h","9104":" ","9105":"(","9106":"e","9107":"r","9108":"r","9109":"o","9110":"r","9111":")","9112":" ","9113":"{","9114":"\\","9115":"r","9116":"\\","9117":"n","9118":" ","9119":" ","9120":" ","9121":" ","9122":" ","9123":" ","9124":" ","9125":" ","9126":"i","9127":"f","9128":" ","9129":"(","9130":"e","9131":"r","9132":"r","9133":"o","9134":"r","9135":".","9136":"r","9137":"e","9138":"s","9139":"p","9140":"o","9141":"n","9142":"s","9143":"e","9144":" ","9145":"&","9146":"&","9147":" ","9148":"e","9149":"r","9150":"r","9151":"o","9152":"r","9153":".","9154":"r","9155":"e","9156":"s","9157":"p","9158":"o","9159":"n","9160":"s","9161":"e","9162":".","9163":"d","9164":"a","9165":"t","9166":"a","9167":" ","9168":"&","9169":"&","9170":" ","9171":"e","9172":"r","9173":"r","9174":"o","9175":"r","9176":".","9177":"r","9178":"e","9179":"s","9180":"p","9181":"o","9182":"n","9183":"s","9184":"e","9185":".","9186":"d","9187":"a","9188":"t","9189":"a","9190":".","9191":"m","9192":"e","9193":"s","9194":"s","9195":"a","9196":"g","9197":"e","9198":")","9199":" ","9200":"{","9201":"\\","9202":"r","9203":"\\","9204":"n","9205":" ","9206":" ","9207":" ","9208":" ","9209":" ","9210":" ","9211":" ","9212":" ","9213":" ","9214":" ","9215":"t","9216":"h","9217":"i","9218":"s","9219":".","9220":"e","9221":"r","9222":"r","9223":"o","9224":"r","9225":"M","9226":"e","9227":"s","9228":"s","9229":"a","9230":"g","9231":"e","9232":" ","9233":"=","9234":" ","9235":"e","9236":"r","9237":"r","9238":"o","9239":"r","9240":".","9241":"r","9242":"e","9243":"s","9244":"p","9245":"o","9246":"n","9247":"s","9248":"e","9249":".","9250":"d","9251":"a","9252":"t","9253":"a","9254":".","9255":"m","9256":"e","9257":"s","9258":"s","9259":"a","9260":"g","9261":"e","9262":";","9263":"\\","9264":"r","9265":"\\","9266":"n","9267":" ","9268":" ","9269":" ","9270":" ","9271":" ","9272":" ","9273":" ","9274":" ","9275":"}","9276":" ","9277":"e","9278":"l","9279":"s","9280":"e","9281":" ","9282":"{","9283":"\\","9284":"r","9285":"\\","9286":"n","9287":" ","9288":" ","9289":" ","9290":" ","9291":" ","9292":" ","9293":" ","9294":" ","9295":" ","9296":" ","9297":"t","9298":"h","9299":"i","9300":"s","9301":".","9302":"e","9303":"r","9304":"r","9305":"o","9306":"r","9307":"M","9308":"e","9309":"s","9310":"s","9311":"a","9312":"g","9313":"e","9314":" ","9315":"=","9316":" ","9317":"'","9318":"E","9319":"r","9320":"r","9321":"e","9322":"u","9323":"r","9324":" ","9325":"l","9326":"o","9327":"r","9328":"s","9329":" ","9330":"d","9331":"e","9332":" ","9333":"l","9334":"a","9335":" ","9336":"c","9337":"o","9338":"m","9339":"m","9340":"u","9341":"n","9342":"i","9343":"c","9344":"a","9345":"t","9346":"i","9347":"o","9348":"n","9349":" ","9350":"a","9351":"v","9352":"e","9353":"c","9354":" ","9355":"l","9356":"e","9357":" ","9358":"s","9359":"e","9360":"r","9361":"v","9362":"e","9363":"u","9364":"r","9365":".","9366":" ","9367":"V","9368":"e","9369":"u","9370":"i","9371":"l","9372":"l","9373":"e","9374":"z","9375":" ","9376":"r","9377":"é","9378":"e","9379":"s","9380":"s","9381":"a","9382":"y","9383":"e","9384":"r","9385":" ","9386":"p","9387":"l","9388":"u","9389":"s","9390":" ","9391":"t","9392":"a","9393":"r","9394":"d","9395":".","9396":"'","9397":";","9398":"\\","9399":"r","9400":"\\","9401":"n","9402":" ","9403":" ","9404":" ","9405":" ","9406":" ","9407":" ","9408":" ","9409":" ","9410":"}","9411":"\\","9412":"r","9413":"\\","9414":"n","9415":" ","9416":" ","9417":" ","9418":" ","9419":" ","9420":" ","9421":"}","9422":"\\","9423":"r","9424":"\\","9425":"n","9426":" ","9427":" ","9428":" ","9429":" ","9430":"}","9431":",","9432":"\\","9433":"r","9434":"\\","9435":"n","9436":" ","9437":" ","9438":"}","9439":",","9440":"\\","9441":"r","9442":"\\","9443":"n","9444":"}","9445":"\\","9446":"r","9447":"\\","9448":"n","9449":"<","9450":"/","9451":"s","9452":"c","9453":"r","9454":"i","9455":"p","9456":"t","9457":">","9458":"\\","9459":"r","9460":"\\","9461":"n","9462":"\\","9463":"r","9464":"\\","9465":"n","9466":"\"","9467":"]","9468":"}"}}
}
