TN:
SF:src\App.vue
FN:21,render
FNF:1
FNH:0
FNDA:0,render
DA:4,0
DA:7,0
DA:8,0
DA:11,0
DA:13,0
DA:16,0
DA:17,0
DA:18,0
DA:22,0
DA:23,0
DA:24,0
LF:11
LH:0
BRF:0
BRH:0
end_of_record
TN:
SF:src\registerServiceWorker.js
FN:7,(anonymous_0)
FN:13,(anonymous_1)
FN:16,(anonymous_2)
FN:19,(anonymous_3)
FN:22,(anonymous_4)
FN:28,(anonymous_5)
FN:31,(anonymous_6)
FNF:7
FNH:0
FNDA:0,(anonymous_0)
FNDA:0,(anonymous_1)
FNDA:0,(anonymous_2)
FNDA:0,(anonymous_3)
FNDA:0,(anonymous_4)
FNDA:0,(anonymous_5)
FNDA:0,(anonymous_6)
DA:5,0
DA:6,0
DA:8,0
DA:14,0
DA:17,0
DA:20,0
DA:23,0
DA:24,0
DA:25,0
DA:29,0
DA:32,0
LF:11
LH:0
BRDA:5,0,0,0
BRDA:5,0,1,0
BRDA:24,1,0,0
BRDA:24,1,1,0
BRF:4
BRH:0
end_of_record
TN:
SF:src\views\HomePage.vue
FN:21,render
FNF:1
FNH:0
FNDA:0,render
DA:4,0
DA:7,0
DA:8,0
DA:11,0
DA:13,0
DA:16,0
DA:17,0
DA:18,0
DA:22,0
DA:23,0
LF:10
LH:0
BRDA:22,0,0,0
BRDA:22,0,1,0
BRF:2
BRH:0
end_of_record
TN:
SF:src\views\SignupPage.vue
FN:226,render
FN:234,(anonymous_1)
FN:243,(anonymous_2)
FN:257,(anonymous_3)
FN:271,(anonymous_4)
FN:285,(anonymous_5)
FN:295,(anonymous_6)
FNF:7
FNH:0
FNDA:0,render
FNDA:0,(anonymous_1)
FNDA:0,(anonymous_2)
FNDA:0,(anonymous_3)
FNDA:0,(anonymous_4)
FNDA:0,(anonymous_5)
FNDA:0,(anonymous_6)
DA:4,0
DA:5,0
DA:8,0
DA:9,0
DA:180,0
DA:182,0
DA:185,0
DA:186,0
DA:187,0
DA:190,0
DA:193,0
DA:196,0
DA:199,0
DA:202,0
DA:205,0
DA:208,0
DA:211,0
DA:214,0
DA:218,0
DA:222,0
DA:227,0
DA:228,0
DA:229,0
DA:230,0
DA:234,0
DA:243,0
DA:257,0
DA:271,0
DA:285,0
DA:295,0
DA:312,0
LF:31
LH:0
BRDA:234,0,0,0
BRDA:234,0,1,0
BRDA:243,1,0,0
BRDA:243,1,1,0
BRDA:248,2,0,0
BRDA:248,2,1,0
BRDA:257,3,0,0
BRDA:257,3,1,0
BRDA:262,4,0,0
BRDA:262,4,1,0
BRDA:271,5,0,0
BRDA:271,5,1,0
BRDA:276,6,0,0
BRDA:276,6,1,0
BRDA:285,7,0,0
BRDA:285,7,1,0
BRDA:295,8,0,0
BRDA:295,8,1,0
BRDA:296,9,0,0
BRDA:296,9,1,0
BRDA:299,10,0,0
BRDA:299,10,1,0
BRDA:302,11,0,0
BRDA:302,11,1,0
BRDA:302,12,0,0
BRDA:302,12,1,0
BRDA:302,13,0,0
BRDA:302,13,1,0
BRDA:305,14,0,0
BRDA:305,14,1,0
BRDA:311,15,0,0
BRDA:311,15,1,0
BRDA:311,16,0,0
BRDA:311,16,1,0
BRF:34
BRH:0
end_of_record
